  PCGIHC.cpp
C:\Users\brand\OneDrive\Escritorio\CG\ProyectoCGP10\ProyectoCG\Window.h(12,36): warning C4244: 'return': conversión de 'GLint' a 'GLfloat'; posible pérdida de datos
C:\Users\brand\OneDrive\Escritorio\CG\ProyectoCGP10\ProyectoCG\Window.h(13,37): warning C4244: 'return': conversión de 'GLint' a 'GLfloat'; posible pérdida de datos
C:\Users\brand\OneDrive\Escritorio\CG\ProyectoCGP10\ProyectoCG\PCGIHC.cpp(762,23): warning C4244: 'inicializando': conversión de 'double' a 'float'; posible pérdida de datos
C:\Users\brand\OneDrive\Escritorio\CG\ProyectoCGP10\ProyectoCG\PCGIHC.cpp(780,15): warning C4244: 'inicializando': conversión de 'double' a 'GLfloat'; posible pérdida de datos
C:\Users\brand\OneDrive\Escritorio\CG\ProyectoCGP10\ProyectoCG\PCGIHC.cpp(782,33): warning C4244: '+=': conversión de 'double' a 'GLfloat'; posible pérdida de datos
C:\Users\brand\OneDrive\Escritorio\CG\ProyectoCGP10\ProyectoCG\PCGIHC.cpp(883,18): warning C4305: '=': truncamiento de 'double' a 'float'
C:\Users\brand\OneDrive\Escritorio\CG\ProyectoCGP10\ProyectoCG\PCGIHC.cpp(891,18): warning C4305: '=': truncamiento de 'double' a 'float'
C:\Users\brand\OneDrive\Escritorio\CG\ProyectoCGP10\ProyectoCG\PCGIHC.cpp(899,18): warning C4305: '=': truncamiento de 'double' a 'float'
C:\Users\brand\OneDrive\Escritorio\CG\ProyectoCGP10\ProyectoCG\PCGIHC.cpp(907,18): warning C4305: '=': truncamiento de 'double' a 'float'
C:\Users\brand\OneDrive\Escritorio\CG\ProyectoCGP10\ProyectoCG\PCGIHC.cpp(915,18): warning C4305: '=': truncamiento de 'double' a 'float'
C:\Users\brand\OneDrive\Escritorio\CG\ProyectoCGP10\ProyectoCG\PCGIHC.cpp(923,17): warning C4305: '=': truncamiento de 'double' a 'float'
C:\Users\brand\OneDrive\Escritorio\CG\ProyectoCGP10\ProyectoCG\PCGIHC.cpp(931,18): warning C4305: '=': truncamiento de 'double' a 'float'
C:\Users\brand\OneDrive\Escritorio\CG\ProyectoCGP10\ProyectoCG\PCGIHC.cpp(939,18): warning C4305: '=': truncamiento de 'double' a 'float'
C:\Users\brand\OneDrive\Escritorio\CG\ProyectoCGP10\ProyectoCG\PCGIHC.cpp(948,18): warning C4305: '=': truncamiento de 'double' a 'float'
C:\Users\brand\OneDrive\Escritorio\CG\ProyectoCGP10\ProyectoCG\PCGIHC.cpp(956,18): warning C4305: '=': truncamiento de 'double' a 'float'
C:\Users\brand\OneDrive\Escritorio\CG\ProyectoCGP10\ProyectoCG\PCGIHC.cpp(964,18): warning C4305: '=': truncamiento de 'double' a 'float'
C:\Users\brand\OneDrive\Escritorio\CG\ProyectoCGP10\ProyectoCG\PCGIHC.cpp(972,18): warning C4305: '=': truncamiento de 'double' a 'float'
LINK : warning LNK4098: la biblioteca predeterminada'MSVCRT' entra en conflicto con otras bibliotecas; use la biblioteca /NODEFAULTLIB:biblioteca
  ProyectoCG.vcxproj -> C:\Users\brand\OneDrive\Escritorio\CG\ProyectoCGP10\Debug\ProyectoCG.exe
