  P02-317164251.cpp
C:\Users\brand\OneDrive\Escritorio\CG\Practica2\Practica02\Practica02\Window.h(12,36): warning C4244: 'return': conversión de 'GLint' a 'GLfloat'; posible pérdida de datos
C:\Users\brand\OneDrive\Escritorio\CG\Practica2\Practica02\Practica02\Window.h(13,37): warning C4244: 'return': conversión de 'GLint' a 'GLfloat'; posible pérdida de datos
C:\Users\brand\OneDrive\Escritorio\CG\Practica2\Practica02\Practica02\P02-317164251.cpp(17,36): warning C4305: 'inicializando': truncamiento de 'double' a 'float'
C:\Users\brand\OneDrive\Escritorio\CG\Practica2\Practica02\Practica02\P02-317164251.cpp(112,3): warning C4305: 'inicializando': truncamiento de 'double' a 'GLfloat'
C:\Users\brand\OneDrive\Escritorio\CG\Practica2\Practica02\Practica02\P02-317164251.cpp(112,10): warning C4305: 'inicializando': truncamiento de 'double' a 'GLfloat'
C:\Users\brand\OneDrive\Escritorio\CG\Practica2\Practica02\Practica02\P02-317164251.cpp(113,3): warning C4305: 'inicializando': truncamiento de 'double' a 'GLfloat'
C:\Users\brand\OneDrive\Escritorio\CG\Practica2\Practica02\Practica02\P02-317164251.cpp(113,10): warning C4305: 'inicializando': truncamiento de 'double' a 'GLfloat'
C:\Users\brand\OneDrive\Escritorio\CG\Practica2\Practica02\Practica02\P02-317164251.cpp(114,3): warning C4305: 'inicializando': truncamiento de 'double' a 'GLfloat'
C:\Users\brand\OneDrive\Escritorio\CG\Practica2\Practica02\Practica02\P02-317164251.cpp(114,10): warning C4305: 'inicializando': truncamiento de 'double' a 'GLfloat'
C:\Users\brand\OneDrive\Escritorio\CG\Practica2\Practica02\Practica02\P02-317164251.cpp(116,3): warning C4305: 'inicializando': truncamiento de 'double' a 'GLfloat'
C:\Users\brand\OneDrive\Escritorio\CG\Practica2\Practica02\Practica02\P02-317164251.cpp(116,10): warning C4305: 'inicializando': truncamiento de 'double' a 'GLfloat'
C:\Users\brand\OneDrive\Escritorio\CG\Practica2\Practica02\Practica02\P02-317164251.cpp(117,3): warning C4305: 'inicializando': truncamiento de 'double' a 'GLfloat'
C:\Users\brand\OneDrive\Escritorio\CG\Practica2\Practica02\Practica02\P02-317164251.cpp(117,10): warning C4305: 'inicializando': truncamiento de 'double' a 'GLfloat'
C:\Users\brand\OneDrive\Escritorio\CG\Practica2\Practica02\Practica02\P02-317164251.cpp(118,3): warning C4305: 'inicializando': truncamiento de 'double' a 'GLfloat'
C:\Users\brand\OneDrive\Escritorio\CG\Practica2\Practica02\Practica02\P02-317164251.cpp(118,10): warning C4305: 'inicializando': truncamiento de 'double' a 'GLfloat'
C:\Users\brand\OneDrive\Escritorio\CG\Practica2\Practica02\Practica02\P02-317164251.cpp(120,3): warning C4305: 'inicializando': truncamiento de 'double' a 'GLfloat'
C:\Users\brand\OneDrive\Escritorio\CG\Practica2\Practica02\Practica02\P02-317164251.cpp(120,10): warning C4305: 'inicializando': truncamiento de 'double' a 'GLfloat'
C:\Users\brand\OneDrive\Escritorio\CG\Practica2\Practica02\Practica02\P02-317164251.cpp(121,3): warning C4305: 'inicializando': truncamiento de 'double' a 'GLfloat'
C:\Users\brand\OneDrive\Escritorio\CG\Practica2\Practica02\Practica02\P02-317164251.cpp(121,10): warning C4305: 'inicializando': truncamiento de 'double' a 'GLfloat'
C:\Users\brand\OneDrive\Escritorio\CG\Practica2\Practica02\Practica02\P02-317164251.cpp(122,3): warning C4305: 'inicializando': truncamiento de 'double' a 'GLfloat'
C:\Users\brand\OneDrive\Escritorio\CG\Practica2\Practica02\Practica02\P02-317164251.cpp(122,10): warning C4305: 'inicializando': truncamiento de 'double' a 'GLfloat'
C:\Users\brand\OneDrive\Escritorio\CG\Practica2\Practica02\Practica02\P02-317164251.cpp(124,3): warning C4305: 'inicializando': truncamiento de 'double' a 'GLfloat'
C:\Users\brand\OneDrive\Escritorio\CG\Practica2\Practica02\Practica02\P02-317164251.cpp(124,10): warning C4305: 'inicializando': truncamiento de 'double' a 'GLfloat'
C:\Users\brand\OneDrive\Escritorio\CG\Practica2\Practica02\Practica02\P02-317164251.cpp(125,3): warning C4305: 'inicializando': truncamiento de 'double' a 'GLfloat'
C:\Users\brand\OneDrive\Escritorio\CG\Practica2\Practica02\Practica02\P02-317164251.cpp(125,10): warning C4305: 'inicializando': truncamiento de 'double' a 'GLfloat'
C:\Users\brand\OneDrive\Escritorio\CG\Practica2\Practica02\Practica02\P02-317164251.cpp(126,3): warning C4305: 'inicializando': truncamiento de 'double' a 'GLfloat'
C:\Users\brand\OneDrive\Escritorio\CG\Practica2\Practica02\Practica02\P02-317164251.cpp(126,10): warning C4305: 'inicializando': truncamiento de 'double' a 'GLfloat'
C:\Users\brand\OneDrive\Escritorio\CG\Practica2\Practica02\Practica02\P02-317164251.cpp(129,3): warning C4305: 'inicializando': truncamiento de 'double' a 'GLfloat'
C:\Users\brand\OneDrive\Escritorio\CG\Practica2\Practica02\Practica02\P02-317164251.cpp(129,10): warning C4305: 'inicializando': truncamiento de 'double' a 'GLfloat'
C:\Users\brand\OneDrive\Escritorio\CG\Practica2\Practica02\Practica02\P02-317164251.cpp(130,3): warning C4305: 'inicializando': truncamiento de 'double' a 'GLfloat'
C:\Users\brand\OneDrive\Escritorio\CG\Practica2\Practica02\Practica02\P02-317164251.cpp(130,10): warning C4305: 'inicializando': truncamiento de 'double' a 'GLfloat'
C:\Users\brand\OneDrive\Escritorio\CG\Practica2\Practica02\Practica02\P02-317164251.cpp(131,10): warning C4305: 'inicializando': truncamiento de 'double' a 'GLfloat'
C:\Users\brand\OneDrive\Escritorio\CG\Practica2\Practica02\Practica02\P02-317164251.cpp(133,10): warning C4305: 'inicializando': truncamiento de 'double' a 'GLfloat'
C:\Users\brand\OneDrive\Escritorio\CG\Practica2\Practica02\Practica02\P02-317164251.cpp(134,10): warning C4305: 'inicializando': truncamiento de 'double' a 'GLfloat'
C:\Users\brand\OneDrive\Escritorio\CG\Practica2\Practica02\Practica02\P02-317164251.cpp(135,3): warning C4305: 'inicializando': truncamiento de 'double' a 'GLfloat'
C:\Users\brand\OneDrive\Escritorio\CG\Practica2\Practica02\Practica02\P02-317164251.cpp(135,10): warning C4305: 'inicializando': truncamiento de 'double' a 'GLfloat'
C:\Users\brand\OneDrive\Escritorio\CG\Practica2\Practica02\Practica02\P02-317164251.cpp(137,3): warning C4305: 'inicializando': truncamiento de 'double' a 'GLfloat'
C:\Users\brand\OneDrive\Escritorio\CG\Practica2\Practica02\Practica02\P02-317164251.cpp(137,10): warning C4305: 'inicializando': truncamiento de 'double' a 'GLfloat'
C:\Users\brand\OneDrive\Escritorio\CG\Practica2\Practica02\Practica02\P02-317164251.cpp(138,3): warning C4305: 'inicializando': truncamiento de 'double' a 'GLfloat'
C:\Users\brand\OneDrive\Escritorio\CG\Practica2\Practica02\Practica02\P02-317164251.cpp(138,10): warning C4305: 'inicializando': truncamiento de 'double' a 'GLfloat'
C:\Users\brand\OneDrive\Escritorio\CG\Practica2\Practica02\Practica02\P02-317164251.cpp(139,3): warning C4305: 'inicializando': truncamiento de 'double' a 'GLfloat'
C:\Users\brand\OneDrive\Escritorio\CG\Practica2\Practica02\Practica02\P02-317164251.cpp(141,3): warning C4305: 'inicializando': truncamiento de 'double' a 'GLfloat'
C:\Users\brand\OneDrive\Escritorio\CG\Practica2\Practica02\Practica02\P02-317164251.cpp(142,3): warning C4305: 'inicializando': truncamiento de 'double' a 'GLfloat'
C:\Users\brand\OneDrive\Escritorio\CG\Practica2\Practica02\Practica02\P02-317164251.cpp(143,3): warning C4305: 'inicializando': truncamiento de 'double' a 'GLfloat'
C:\Users\brand\OneDrive\Escritorio\CG\Practica2\Practica02\Practica02\P02-317164251.cpp(143,10): warning C4305: 'inicializando': truncamiento de 'double' a 'GLfloat'
C:\Users\brand\OneDrive\Escritorio\CG\Practica2\Practica02\Practica02\P02-317164251.cpp(146,3): warning C4305: 'inicializando': truncamiento de 'double' a 'GLfloat'
C:\Users\brand\OneDrive\Escritorio\CG\Practica2\Practica02\Practica02\P02-317164251.cpp(146,10): warning C4305: 'inicializando': truncamiento de 'double' a 'GLfloat'
C:\Users\brand\OneDrive\Escritorio\CG\Practica2\Practica02\Practica02\P02-317164251.cpp(147,3): warning C4305: 'inicializando': truncamiento de 'double' a 'GLfloat'
C:\Users\brand\OneDrive\Escritorio\CG\Practica2\Practica02\Practica02\P02-317164251.cpp(147,10): warning C4305: 'inicializando': truncamiento de 'double' a 'GLfloat'
C:\Users\brand\OneDrive\Escritorio\CG\Practica2\Practica02\Practica02\P02-317164251.cpp(148,10): warning C4305: 'inicializando': truncamiento de 'double' a 'GLfloat'
C:\Users\brand\OneDrive\Escritorio\CG\Practica2\Practica02\Practica02\P02-317164251.cpp(150,10): warning C4305: 'inicializando': truncamiento de 'double' a 'GLfloat'
C:\Users\brand\OneDrive\Escritorio\CG\Practica2\Practica02\Practica02\P02-317164251.cpp(151,10): warning C4305: 'inicializando': truncamiento de 'double' a 'GLfloat'
C:\Users\brand\OneDrive\Escritorio\CG\Practica2\Practica02\Practica02\P02-317164251.cpp(152,3): warning C4305: 'inicializando': truncamiento de 'double' a 'GLfloat'
C:\Users\brand\OneDrive\Escritorio\CG\Practica2\Practica02\Practica02\P02-317164251.cpp(152,10): warning C4305: 'inicializando': truncamiento de 'double' a 'GLfloat'
C:\Users\brand\OneDrive\Escritorio\CG\Practica2\Practica02\Practica02\P02-317164251.cpp(154,3): warning C4305: 'inicializando': truncamiento de 'double' a 'GLfloat'
C:\Users\brand\OneDrive\Escritorio\CG\Practica2\Practica02\Practica02\P02-317164251.cpp(154,10): warning C4305: 'inicializando': truncamiento de 'double' a 'GLfloat'
C:\Users\brand\OneDrive\Escritorio\CG\Practica2\Practica02\Practica02\P02-317164251.cpp(155,3): warning C4305: 'inicializando': truncamiento de 'double' a 'GLfloat'
C:\Users\brand\OneDrive\Escritorio\CG\Practica2\Practica02\Practica02\P02-317164251.cpp(155,10): warning C4305: 'inicializando': truncamiento de 'double' a 'GLfloat'
C:\Users\brand\OneDrive\Escritorio\CG\Practica2\Practica02\Practica02\P02-317164251.cpp(156,3): warning C4305: 'inicializando': truncamiento de 'double' a 'GLfloat'
C:\Users\brand\OneDrive\Escritorio\CG\Practica2\Practica02\Practica02\P02-317164251.cpp(158,3): warning C4305: 'inicializando': truncamiento de 'double' a 'GLfloat'
C:\Users\brand\OneDrive\Escritorio\CG\Practica2\Practica02\Practica02\P02-317164251.cpp(159,3): warning C4305: 'inicializando': truncamiento de 'double' a 'GLfloat'
C:\Users\brand\OneDrive\Escritorio\CG\Practica2\Practica02\Practica02\P02-317164251.cpp(160,3): warning C4305: 'inicializando': truncamiento de 'double' a 'GLfloat'
C:\Users\brand\OneDrive\Escritorio\CG\Practica2\Practica02\Practica02\P02-317164251.cpp(160,10): warning C4305: 'inicializando': truncamiento de 'double' a 'GLfloat'
C:\Users\brand\OneDrive\Escritorio\CG\Practica2\Practica02\Practica02\P02-317164251.cpp(163,3): warning C4305: 'inicializando': truncamiento de 'double' a 'GLfloat'
C:\Users\brand\OneDrive\Escritorio\CG\Practica2\Practica02\Practica02\P02-317164251.cpp(163,10): warning C4305: 'inicializando': truncamiento de 'double' a 'GLfloat'
C:\Users\brand\OneDrive\Escritorio\CG\Practica2\Practica02\Practica02\P02-317164251.cpp(164,3): warning C4305: 'inicializando': truncamiento de 'double' a 'GLfloat'
C:\Users\brand\OneDrive\Escritorio\CG\Practica2\Practica02\Practica02\P02-317164251.cpp(164,10): warning C4305: 'inicializando': truncamiento de 'double' a 'GLfloat'
C:\Users\brand\OneDrive\Escritorio\CG\Practica2\Practica02\Practica02\P02-317164251.cpp(165,3): warning C4305: 'inicializando': truncamiento de 'double' a 'GLfloat'
C:\Users\brand\OneDrive\Escritorio\CG\Practica2\Practica02\Practica02\P02-317164251.cpp(165,10): warning C4305: 'inicializando': truncamiento de 'double' a 'GLfloat'
C:\Users\brand\OneDrive\Escritorio\CG\Practica2\Practica02\Practica02\P02-317164251.cpp(167,3): warning C4305: 'inicializando': truncamiento de 'double' a 'GLfloat'
C:\Users\brand\OneDrive\Escritorio\CG\Practica2\Practica02\Practica02\P02-317164251.cpp(167,10): warning C4305: 'inicializando': truncamiento de 'double' a 'GLfloat'
C:\Users\brand\OneDrive\Escritorio\CG\Practica2\Practica02\Practica02\P02-317164251.cpp(168,3): warning C4305: 'inicializando': truncamiento de 'double' a 'GLfloat'
C:\Users\brand\OneDrive\Escritorio\CG\Practica2\Practica02\Practica02\P02-317164251.cpp(168,10): warning C4305: 'inicializando': truncamiento de 'double' a 'GLfloat'
C:\Users\brand\OneDrive\Escritorio\CG\Practica2\Practica02\Practica02\P02-317164251.cpp(169,3): warning C4305: 'inicializando': truncamiento de 'double' a 'GLfloat'
C:\Users\brand\OneDrive\Escritorio\CG\Practica2\Practica02\Practica02\P02-317164251.cpp(169,10): warning C4305: 'inicializando': truncamiento de 'double' a 'GLfloat'
C:\Users\brand\OneDrive\Escritorio\CG\Practica2\Practica02\Practica02\P02-317164251.cpp(172,3): warning C4305: 'inicializando': truncamiento de 'double' a 'GLfloat'
C:\Users\brand\OneDrive\Escritorio\CG\Practica2\Practica02\Practica02\P02-317164251.cpp(172,10): warning C4305: 'inicializando': truncamiento de 'double' a 'GLfloat'
C:\Users\brand\OneDrive\Escritorio\CG\Practica2\Practica02\Practica02\P02-317164251.cpp(173,4): warning C4305: 'inicializando': truncamiento de 'double' a 'GLfloat'
C:\Users\brand\OneDrive\Escritorio\CG\Practica2\Practica02\Practica02\P02-317164251.cpp(173,10): warning C4305: 'inicializando': truncamiento de 'double' a 'GLfloat'
C:\Users\brand\OneDrive\Escritorio\CG\Practica2\Practica02\Practica02\P02-317164251.cpp(174,4): warning C4305: 'inicializando': truncamiento de 'double' a 'GLfloat'
C:\Users\brand\OneDrive\Escritorio\CG\Practica2\Practica02\Practica02\P02-317164251.cpp(174,10): warning C4305: 'inicializando': truncamiento de 'double' a 'GLfloat'
C:\Users\brand\OneDrive\Escritorio\CG\Practica2\Practica02\Practica02\P02-317164251.cpp(176,4): warning C4305: 'inicializando': truncamiento de 'double' a 'GLfloat'
C:\Users\brand\OneDrive\Escritorio\CG\Practica2\Practica02\Practica02\P02-317164251.cpp(176,10): warning C4305: 'inicializando': truncamiento de 'double' a 'GLfloat'
C:\Users\brand\OneDrive\Escritorio\CG\Practica2\Practica02\Practica02\P02-317164251.cpp(177,3): warning C4305: 'inicializando': truncamiento de 'double' a 'GLfloat'
C:\Users\brand\OneDrive\Escritorio\CG\Practica2\Practica02\Practica02\P02-317164251.cpp(177,10): warning C4305: 'inicializando': truncamiento de 'double' a 'GLfloat'
C:\Users\brand\OneDrive\Escritorio\CG\Practica2\Practica02\Practica02\P02-317164251.cpp(178,3): warning C4305: 'inicializando': truncamiento de 'double' a 'GLfloat'
C:\Users\brand\OneDrive\Escritorio\CG\Practica2\Practica02\Practica02\P02-317164251.cpp(178,10): warning C4305: 'inicializando': truncamiento de 'double' a 'GLfloat'
C:\Users\brand\OneDrive\Escritorio\CG\Practica2\Practica02\Practica02\P02-317164251.cpp(180,3): warning C4305: 'inicializando': truncamiento de 'double' a 'GLfloat'
C:\Users\brand\OneDrive\Escritorio\CG\Practica2\Practica02\Practica02\P02-317164251.cpp(180,10): warning C4305: 'inicializando': truncamiento de 'double' a 'GLfloat'
C:\Users\brand\OneDrive\Escritorio\CG\Practica2\Practica02\Practica02\P02-317164251.cpp(181,3): warning C4305: 'inicializando': truncamiento de 'double' a 'GLfloat'
C:\Users\brand\OneDrive\Escritorio\CG\Practica2\Practica02\Practica02\P02-317164251.cpp(181,10): warning C4305: 'inicializando': truncamiento de 'double' a 'GLfloat'
C:\Users\brand\OneDrive\Escritorio\CG\Practica2\Practica02\Practica02\P02-317164251.cpp(182,3): warning C4305: 'inicializando': truncamiento de 'double' a 'GLfloat'
C:\Users\brand\OneDrive\Escritorio\CG\Practica2\Practica02\Practica02\P02-317164251.cpp(182,10): warning C4305: 'inicializando': truncamiento de 'double' a 'GLfloat'
C:\Users\brand\OneDrive\Escritorio\CG\Practica2\Practica02\Practica02\P02-317164251.cpp(184,3): warning C4305: 'inicializando': truncamiento de 'double' a 'GLfloat'
C:\Users\brand\OneDrive\Escritorio\CG\Practica2\Practica02\Practica02\P02-317164251.cpp(184,10): warning C4305: 'inicializando': truncamiento de 'double' a 'GLfloat'
C:\Users\brand\OneDrive\Escritorio\CG\Practica2\Practica02\Practica02\P02-317164251.cpp(185,3): warning C4305: 'inicializando': truncamiento de 'double' a 'GLfloat'
C:\Users\brand\OneDrive\Escritorio\CG\Practica2\Practica02\Practica02\P02-317164251.cpp(185,10): warning C4305: 'inicializando': truncamiento de 'double' a 'GLfloat'
C:\Users\brand\OneDrive\Escritorio\CG\Practica2\Practica02\Practica02\P02-317164251.cpp(186,3): warning C4305: 'inicializando': truncamiento de 'double' a 'GLfloat'
C:\Users\brand\OneDrive\Escritorio\CG\Practica2\Practica02\Practica02\P02-317164251.cpp(186,10): warning C4305: 'inicializando': truncamiento de 'double' a 'GLfloat'
C:\Users\brand\OneDrive\Escritorio\CG\Practica2\Practica02\Practica02\P02-317164251.cpp(189,3): warning C4305: 'inicializando': truncamiento de 'double' a 'GLfloat'
C:\Users\brand\OneDrive\Escritorio\CG\Practica2\Practica02\Practica02\P02-317164251.cpp(189,10): warning C4305: 'inicializando': truncamiento de 'double' a 'GLfloat'
C:\Users\brand\OneDrive\Escritorio\CG\Practica2\Practica02\Practica02\P02-317164251.cpp(190,4): warning C4305: 'inicializando': truncamiento de 'double' a 'GLfloat'
C:\Users\brand\OneDrive\Escritorio\CG\Practica2\Practica02\Practica02\P02-317164251.cpp(190,10): warning C4305: 'inicializando': truncamiento de 'double' a 'GLfloat'
C:\Users\brand\OneDrive\Escritorio\CG\Practica2\Practica02\Practica02\P02-317164251.cpp(191,4): warning C4305: 'inicializando': truncamiento de 'double' a 'GLfloat'
C:\Users\brand\OneDrive\Escritorio\CG\Practica2\Practica02\Practica02\P02-317164251.cpp(191,10): warning C4305: 'inicializando': truncamiento de 'double' a 'GLfloat'
C:\Users\brand\OneDrive\Escritorio\CG\Practica2\Practica02\Practica02\P02-317164251.cpp(193,4): warning C4305: 'inicializando': truncamiento de 'double' a 'GLfloat'
C:\Users\brand\OneDrive\Escritorio\CG\Practica2\Practica02\Practica02\P02-317164251.cpp(193,10): warning C4305: 'inicializando': truncamiento de 'double' a 'GLfloat'
C:\Users\brand\OneDrive\Escritorio\CG\Practica2\Practica02\Practica02\P02-317164251.cpp(194,3): warning C4305: 'inicializando': truncamiento de 'double' a 'GLfloat'
C:\Users\brand\OneDrive\Escritorio\CG\Practica2\Practica02\Practica02\P02-317164251.cpp(194,10): warning C4305: 'inicializando': truncamiento de 'double' a 'GLfloat'
C:\Users\brand\OneDrive\Escritorio\CG\Practica2\Practica02\Practica02\P02-317164251.cpp(195,3): warning C4305: 'inicializando': truncamiento de 'double' a 'GLfloat'
C:\Users\brand\OneDrive\Escritorio\CG\Practica2\Practica02\Practica02\P02-317164251.cpp(195,10): warning C4305: 'inicializando': truncamiento de 'double' a 'GLfloat'
C:\Users\brand\OneDrive\Escritorio\CG\Practica2\Practica02\Practica02\P02-317164251.cpp(198,4): warning C4305: 'inicializando': truncamiento de 'double' a 'GLfloat'
C:\Users\brand\OneDrive\Escritorio\CG\Practica2\Practica02\Practica02\P02-317164251.cpp(198,10): warning C4305: 'inicializando': truncamiento de 'double' a 'GLfloat'
C:\Users\brand\OneDrive\Escritorio\CG\Practica2\Practica02\Practica02\P02-317164251.cpp(199,4): warning C4305: 'inicializando': truncamiento de 'double' a 'GLfloat'
C:\Users\brand\OneDrive\Escritorio\CG\Practica2\Practica02\Practica02\P02-317164251.cpp(199,10): warning C4305: 'inicializando': truncamiento de 'double' a 'GLfloat'
C:\Users\brand\OneDrive\Escritorio\CG\Practica2\Practica02\Practica02\P02-317164251.cpp(200,4): warning C4305: 'inicializando': truncamiento de 'double' a 'GLfloat'
C:\Users\brand\OneDrive\Escritorio\CG\Practica2\Practica02\Practica02\P02-317164251.cpp(200,10): warning C4305: 'inicializando': truncamiento de 'double' a 'GLfloat'
C:\Users\brand\OneDrive\Escritorio\CG\Practica2\Practica02\Practica02\P02-317164251.cpp(202,4): warning C4305: 'inicializando': truncamiento de 'double' a 'GLfloat'
C:\Users\brand\OneDrive\Escritorio\CG\Practica2\Practica02\Practica02\P02-317164251.cpp(202,10): warning C4305: 'inicializando': truncamiento de 'double' a 'GLfloat'
C:\Users\brand\OneDrive\Escritorio\CG\Practica2\Practica02\Practica02\P02-317164251.cpp(203,4): warning C4305: 'inicializando': truncamiento de 'double' a 'GLfloat'
C:\Users\brand\OneDrive\Escritorio\CG\Practica2\Practica02\Practica02\P02-317164251.cpp(203,10): warning C4305: 'inicializando': truncamiento de 'double' a 'GLfloat'
C:\Users\brand\OneDrive\Escritorio\CG\Practica2\Practica02\Practica02\P02-317164251.cpp(204,4): warning C4305: 'inicializando': truncamiento de 'double' a 'GLfloat'
C:\Users\brand\OneDrive\Escritorio\CG\Practica2\Practica02\Practica02\P02-317164251.cpp(204,10): warning C4305: 'inicializando': truncamiento de 'double' a 'GLfloat'
C:\Users\brand\OneDrive\Escritorio\CG\Practica2\Practica02\Practica02\P02-317164251.cpp(207,4): warning C4305: 'inicializando': truncamiento de 'double' a 'GLfloat'
C:\Users\brand\OneDrive\Escritorio\CG\Practica2\Practica02\Practica02\P02-317164251.cpp(207,11): warning C4305: 'inicializando': truncamiento de 'double' a 'GLfloat'
C:\Users\brand\OneDrive\Escritorio\CG\Practica2\Practica02\Practica02\P02-317164251.cpp(208,4): warning C4305: 'inicializando': truncamiento de 'double' a 'GLfloat'
C:\Users\brand\OneDrive\Escritorio\CG\Practica2\Practica02\Practica02\P02-317164251.cpp(208,11): warning C4305: 'inicializando': truncamiento de 'double' a 'GLfloat'
C:\Users\brand\OneDrive\Escritorio\CG\Practica2\Practica02\Practica02\P02-317164251.cpp(209,4): warning C4305: 'inicializando': truncamiento de 'double' a 'GLfloat'
C:\Users\brand\OneDrive\Escritorio\CG\Practica2\Practica02\Practica02\P02-317164251.cpp(211,4): warning C4305: 'inicializando': truncamiento de 'double' a 'GLfloat'
C:\Users\brand\OneDrive\Escritorio\CG\Practica2\Practica02\Practica02\P02-317164251.cpp(212,4): warning C4305: 'inicializando': truncamiento de 'double' a 'GLfloat'
C:\Users\brand\OneDrive\Escritorio\CG\Practica2\Practica02\Practica02\P02-317164251.cpp(213,4): warning C4305: 'inicializando': truncamiento de 'double' a 'GLfloat'
C:\Users\brand\OneDrive\Escritorio\CG\Practica2\Practica02\Practica02\P02-317164251.cpp(213,11): warning C4305: 'inicializando': truncamiento de 'double' a 'GLfloat'
C:\Users\brand\OneDrive\Escritorio\CG\Practica2\Practica02\Practica02\P02-317164251.cpp(215,4): warning C4305: 'inicializando': truncamiento de 'double' a 'GLfloat'
C:\Users\brand\OneDrive\Escritorio\CG\Practica2\Practica02\Practica02\P02-317164251.cpp(215,11): warning C4305: 'inicializando': truncamiento de 'double' a 'GLfloat'
C:\Users\brand\OneDrive\Escritorio\CG\Practica2\Practica02\Practica02\P02-317164251.cpp(216,4): warning C4305: 'inicializando': truncamiento de 'double' a 'GLfloat'
C:\Users\brand\OneDrive\Escritorio\CG\Practica2\Practica02\Practica02\P02-317164251.cpp(216,10): warning C4305: 'inicializando': truncamiento de 'double' a 'GLfloat'
C:\Users\brand\OneDrive\Escritorio\CG\Practica2\Practica02\Practica02\P02-317164251.cpp(217,4): warning C4305: 'inicializando': truncamiento de 'double' a 'GLfloat'
C:\Users\brand\OneDrive\Escritorio\CG\Practica2\Practica02\Practica02\P02-317164251.cpp(219,4): warning C4305: 'inicializando': truncamiento de 'double' a 'GLfloat'
C:\Users\brand\OneDrive\Escritorio\CG\Practica2\Practica02\Practica02\P02-317164251.cpp(219,10): warning C4305: 'inicializando': truncamiento de 'double' a 'GLfloat'
C:\Users\brand\OneDrive\Escritorio\CG\Practica2\Practica02\Practica02\P02-317164251.cpp(220,10): warning C4305: 'inicializando': truncamiento de 'double' a 'GLfloat'
C:\Users\brand\OneDrive\Escritorio\CG\Practica2\Practica02\Practica02\P02-317164251.cpp(221,4): warning C4305: 'inicializando': truncamiento de 'double' a 'GLfloat'
C:\Users\brand\OneDrive\Escritorio\CG\Practica2\Practica02\Practica02\P02-317164251.cpp(221,11): warning C4305: 'inicializando': truncamiento de 'double' a 'GLfloat'
C:\Users\brand\OneDrive\Escritorio\CG\Practica2\Practica02\Practica02\P02-317164251.cpp(224,4): warning C4305: 'inicializando': truncamiento de 'double' a 'GLfloat'
C:\Users\brand\OneDrive\Escritorio\CG\Practica2\Practica02\Practica02\P02-317164251.cpp(224,11): warning C4305: 'inicializando': truncamiento de 'double' a 'GLfloat'
C:\Users\brand\OneDrive\Escritorio\CG\Practica2\Practica02\Practica02\P02-317164251.cpp(225,4): warning C4305: 'inicializando': truncamiento de 'double' a 'GLfloat'
C:\Users\brand\OneDrive\Escritorio\CG\Practica2\Practica02\Practica02\P02-317164251.cpp(226,4): warning C4305: 'inicializando': truncamiento de 'double' a 'GLfloat'
C:\Users\brand\OneDrive\Escritorio\CG\Practica2\Practica02\Practica02\P02-317164251.cpp(226,10): warning C4305: 'inicializando': truncamiento de 'double' a 'GLfloat'
C:\Users\brand\OneDrive\Escritorio\CG\Practica2\Practica02\Practica02\P02-317164251.cpp(228,4): warning C4305: 'inicializando': truncamiento de 'double' a 'GLfloat'
C:\Users\brand\OneDrive\Escritorio\CG\Practica2\Practica02\Practica02\P02-317164251.cpp(228,10): warning C4305: 'inicializando': truncamiento de 'double' a 'GLfloat'
C:\Users\brand\OneDrive\Escritorio\CG\Practica2\Practica02\Practica02\P02-317164251.cpp(229,4): warning C4305: 'inicializando': truncamiento de 'double' a 'GLfloat'
C:\Users\brand\OneDrive\Escritorio\CG\Practica2\Practica02\Practica02\P02-317164251.cpp(229,10): warning C4305: 'inicializando': truncamiento de 'double' a 'GLfloat'
C:\Users\brand\OneDrive\Escritorio\CG\Practica2\Practica02\Practica02\P02-317164251.cpp(230,4): warning C4305: 'inicializando': truncamiento de 'double' a 'GLfloat'
C:\Users\brand\OneDrive\Escritorio\CG\Practica2\Practica02\Practica02\P02-317164251.cpp(230,11): warning C4305: 'inicializando': truncamiento de 'double' a 'GLfloat'
LINK : warning LNK4098: la biblioteca predeterminada'MSVCRT' entra en conflicto con otras bibliotecas; use la biblioteca /NODEFAULTLIB:biblioteca
  Practica02.vcxproj -> C:\Users\brand\OneDrive\Escritorio\CG\Practica2\Practica02\Debug\Practica02.exe
