  Camera.cpp
  Mesh.cpp
  P03-317164251.cpp
C:\Users\brand\OneDrive\Escritorio\CG\Practica3\Practica03\Practica03\Window.h(12,36): warning C4244: 'return': conversión de 'GLint' a 'GLfloat'; posible pérdida de datos
C:\Users\brand\OneDrive\Escritorio\CG\Practica3\Practica03\Practica03\Window.h(13,37): warning C4244: 'return': conversión de 'GLint' a 'GLfloat'; posible pérdida de datos
C:\Users\brand\OneDrive\Escritorio\CG\Practica3\Practica03\Practica03\P03-317164251.cpp(27,37): warning C4305: 'inicializando': truncamiento de 'double' a 'float'
C:\Users\brand\OneDrive\Escritorio\CG\Practica3\Practica03\Practica03\P03-317164251.cpp(194,16): warning C4018: '<': no coinciden signed/unsigned
C:\Users\brand\OneDrive\Escritorio\CG\Practica3\Practica03\Practica03\P03-317164251.cpp(236,32): warning C4244: 'argumento': conversión de 'double' a '_Ty'; posible pérdida de datos
C:\Users\brand\OneDrive\Escritorio\CG\Practica3\Practica03\Practica03\P03-317164251.cpp(236,32): warning C4244:         with
C:\Users\brand\OneDrive\Escritorio\CG\Practica3\Practica03\Practica03\P03-317164251.cpp(236,32): warning C4244:         [
C:\Users\brand\OneDrive\Escritorio\CG\Practica3\Practica03\Practica03\P03-317164251.cpp(236,32): warning C4244:             _Ty=GLfloat
C:\Users\brand\OneDrive\Escritorio\CG\Practica3\Practica03\Practica03\P03-317164251.cpp(236,32): warning C4244:         ]
C:\Users\brand\OneDrive\Escritorio\CG\Practica3\Practica03\Practica03\P03-317164251.cpp(238,32): warning C4244: 'argumento': conversión de 'double' a '_Ty'; posible pérdida de datos
C:\Users\brand\OneDrive\Escritorio\CG\Practica3\Practica03\Practica03\P03-317164251.cpp(238,32): warning C4244:         with
C:\Users\brand\OneDrive\Escritorio\CG\Practica3\Practica03\Practica03\P03-317164251.cpp(238,32): warning C4244:         [
C:\Users\brand\OneDrive\Escritorio\CG\Practica3\Practica03\Practica03\P03-317164251.cpp(238,32): warning C4244:             _Ty=GLfloat
C:\Users\brand\OneDrive\Escritorio\CG\Practica3\Practica03\Practica03\P03-317164251.cpp(238,32): warning C4244:         ]
C:\Users\brand\OneDrive\Escritorio\CG\Practica3\Practica03\Practica03\P03-317164251.cpp(334,15): warning C4244: 'inicializando': conversión de 'double' a 'GLfloat'; posible pérdida de datos
C:\Users\brand\OneDrive\Escritorio\CG\Practica3\Practica03\Practica03\P03-317164251.cpp(336,33): warning C4244: '+=': conversión de 'double' a 'GLfloat'; posible pérdida de datos
  Shader.cpp
  Sphere.cpp
C:\Users\brand\OneDrive\Escritorio\CG\Practica3\Practica03\Practica03\Sphere.cpp(39,13): warning C4244: 'inicializando': conversión de 'double' a 'float'; posible pérdida de datos
C:\Users\brand\OneDrive\Escritorio\CG\Practica3\Practica03\Practica03\Sphere.cpp(43,16): warning C4244: 'inicializando': conversión de 'double' a 'float'; posible pérdida de datos
  Window.cpp
C:\Users\brand\OneDrive\Escritorio\CG\Practica3\Practica03\Practica03\Window.h(12,36): warning C4244: 'return': conversión de 'GLint' a 'GLfloat'; posible pérdida de datos
C:\Users\brand\OneDrive\Escritorio\CG\Practica3\Practica03\Practica03\Window.h(13,37): warning C4244: 'return': conversión de 'GLint' a 'GLfloat'; posible pérdida de datos
C:\Users\brand\OneDrive\Escritorio\CG\Practica3\Practica03\Practica03\Window.cpp(149,22): warning C4244: '=': conversión de 'double' a 'GLfloat'; posible pérdida de datos
C:\Users\brand\OneDrive\Escritorio\CG\Practica3\Practica03\Practica03\Window.cpp(150,22): warning C4244: '=': conversión de 'double' a 'GLfloat'; posible pérdida de datos
C:\Users\brand\OneDrive\Escritorio\CG\Practica3\Practica03\Practica03\Window.cpp(154,28): warning C4244: '=': conversión de 'double' a 'GLfloat'; posible pérdida de datos
C:\Users\brand\OneDrive\Escritorio\CG\Practica3\Practica03\Practica03\Window.cpp(155,40): warning C4244: '=': conversión de 'double' a 'GLfloat'; posible pérdida de datos
C:\Users\brand\OneDrive\Escritorio\CG\Practica3\Practica03\Practica03\Window.cpp(157,21): warning C4244: '=': conversión de 'double' a 'GLfloat'; posible pérdida de datos
C:\Users\brand\OneDrive\Escritorio\CG\Practica3\Practica03\Practica03\Window.cpp(158,21): warning C4244: '=': conversión de 'double' a 'GLfloat'; posible pérdida de datos
  Generando código
C:\Users\brand\OneDrive\Escritorio\CG\Practica3\Practica03\Practica03\Window.cpp(77): warning C4715: 'Window::Initialise': no todas las rutas de acceso de control devuelven un valor
  587 of 602 functions (97.5%) were compiled, the rest were copied from previous compilation.
    10 functions were new in current compilation
    2 functions had inline decision re-evaluated but remain unchanged
  Generación de código finalizada
  Practica03.vcxproj -> C:\Users\brand\OneDrive\Escritorio\CG\Practica3\Practica03\Release\Practica03.exe
