  Camera.cpp
  DirectionalLight.cpp
  Light.cpp
C:\Users\brand\OneDrive\Escritorio\CG\Practica06\Practica06\Practica06\DirectionalLight.cpp(18,14): warning C4244: 'argumento': conversión de 'GLfloat' a 'GLint'; posible pérdida de datos
C:\Users\brand\OneDrive\Escritorio\CG\Practica06\Practica06\Practica06\DirectionalLight.cpp(19,14): warning C4244: 'argumento': conversión de 'GLfloat' a 'GLint'; posible pérdida de datos
C:\Users\brand\OneDrive\Escritorio\CG\Practica06\Practica06\Practica06\DirectionalLight.cpp(21,14): warning C4244: 'argumento': conversión de 'GLfloat' a 'GLint'; posible pérdida de datos
C:\Users\brand\OneDrive\Escritorio\CG\Practica06\Practica06\Practica06\DirectionalLight.cpp(22,14): warning C4244: 'argumento': conversión de 'GLfloat' a 'GLint'; posible pérdida de datos
  Material.cpp
  Mesh_tn.cpp
  Model.cpp
C:\Users\brand\OneDrive\Escritorio\CG\Practica06\Practica06\Practica06\Model.cpp(16,10): warning C4477: 'printf' : la cadena de formato '%s' requiere un argumento de tipo 'char *', pero el argumento variádico 1 tiene el tipo 'const std::string'
C:\Users\brand\OneDrive\Escritorio\CG\Practica06\Practica06\Practica06\Model.cpp(16,80): warning C4474: "printf": se pasaron demasiados argumentos para la cadena de formato
C:\Users\brand\OneDrive\Escritorio\CG\Practica06\Practica06\Practica06\Model.cpp(51,7): warning C4804: '<': uso no seguro del tipo 'bool' en la operación
C:\Users\brand\OneDrive\Escritorio\CG\Practica06\Practica06\Practica06\Model.cpp(51,21): warning C4018: '<': no coinciden signed/unsigned
C:\Users\brand\OneDrive\Escritorio\CG\Practica06\Practica06\Practica06\Model.cpp(153,14): warning C4477: 'printf' : la cadena de formato '%s' requiere un argumento de tipo 'char *', pero el argumento variádico 1 tiene el tipo 'std::string'
C:\Users\brand\OneDrive\Escritorio\CG\Practica06\Practica06\Practica06\Model.cpp(162,14): warning C4477: 'printf' : la cadena de formato '%s' requiere un argumento de tipo 'char *', pero el argumento variádico 1 tiene el tipo 'std::string'
  P06-317164251.cpp
C:\Users\brand\OneDrive\Escritorio\CG\Practica06\Practica06\Practica06\Window.h(12,36): warning C4244: 'return': conversión de 'GLint' a 'GLfloat'; posible pérdida de datos
C:\Users\brand\OneDrive\Escritorio\CG\Practica06\Practica06\Practica06\Window.h(13,37): warning C4244: 'return': conversión de 'GLint' a 'GLfloat'; posible pérdida de datos
C:\Users\brand\OneDrive\Escritorio\CG\Practica06\Practica06\Practica06\P06-317164251.cpp(229,27): warning C4305: 'inicializando': truncamiento de 'double' a 'GLfloat'
C:\Users\brand\OneDrive\Escritorio\CG\Practica06\Practica06\Practica06\P06-317164251.cpp(229,43): warning C4305: 'inicializando': truncamiento de 'double' a 'GLfloat'
C:\Users\brand\OneDrive\Escritorio\CG\Practica06\Practica06\Practica06\P06-317164251.cpp(230,25): warning C4305: 'inicializando': truncamiento de 'double' a 'GLfloat'
C:\Users\brand\OneDrive\Escritorio\CG\Practica06\Practica06\Practica06\P06-317164251.cpp(230,40): warning C4305: 'inicializando': truncamiento de 'double' a 'GLfloat'
C:\Users\brand\OneDrive\Escritorio\CG\Practica06\Practica06\Practica06\P06-317164251.cpp(231,24): warning C4305: 'inicializando': truncamiento de 'double' a 'GLfloat'
C:\Users\brand\OneDrive\Escritorio\CG\Practica06\Practica06\Practica06\P06-317164251.cpp(231,40): warning C4305: 'inicializando': truncamiento de 'double' a 'GLfloat'
C:\Users\brand\OneDrive\Escritorio\CG\Practica06\Practica06\Practica06\P06-317164251.cpp(232,24): warning C4305: 'inicializando': truncamiento de 'double' a 'GLfloat'
C:\Users\brand\OneDrive\Escritorio\CG\Practica06\Practica06\Practica06\P06-317164251.cpp(232,40): warning C4305: 'inicializando': truncamiento de 'double' a 'GLfloat'
C:\Users\brand\OneDrive\Escritorio\CG\Practica06\Practica06\Practica06\P06-317164251.cpp(235,27): warning C4305: 'inicializando': truncamiento de 'double' a 'GLfloat'
C:\Users\brand\OneDrive\Escritorio\CG\Practica06\Practica06\Practica06\P06-317164251.cpp(235,43): warning C4305: 'inicializando': truncamiento de 'double' a 'GLfloat'
C:\Users\brand\OneDrive\Escritorio\CG\Practica06\Practica06\Practica06\P06-317164251.cpp(236,24): warning C4305: 'inicializando': truncamiento de 'double' a 'GLfloat'
C:\Users\brand\OneDrive\Escritorio\CG\Practica06\Practica06\Practica06\P06-317164251.cpp(236,40): warning C4305: 'inicializando': truncamiento de 'double' a 'GLfloat'
C:\Users\brand\OneDrive\Escritorio\CG\Practica06\Practica06\Practica06\P06-317164251.cpp(237,24): warning C4305: 'inicializando': truncamiento de 'double' a 'GLfloat'
C:\Users\brand\OneDrive\Escritorio\CG\Practica06\Practica06\Practica06\P06-317164251.cpp(237,40): warning C4305: 'inicializando': truncamiento de 'double' a 'GLfloat'
C:\Users\brand\OneDrive\Escritorio\CG\Practica06\Practica06\Practica06\P06-317164251.cpp(238,25): warning C4305: 'inicializando': truncamiento de 'double' a 'GLfloat'
C:\Users\brand\OneDrive\Escritorio\CG\Practica06\Practica06\Practica06\P06-317164251.cpp(238,41): warning C4305: 'inicializando': truncamiento de 'double' a 'GLfloat'
C:\Users\brand\OneDrive\Escritorio\CG\Practica06\Practica06\Practica06\P06-317164251.cpp(241,27): warning C4305: 'inicializando': truncamiento de 'double' a 'GLfloat'
C:\Users\brand\OneDrive\Escritorio\CG\Practica06\Practica06\Practica06\P06-317164251.cpp(241,43): warning C4305: 'inicializando': truncamiento de 'double' a 'GLfloat'
C:\Users\brand\OneDrive\Escritorio\CG\Practica06\Practica06\Practica06\P06-317164251.cpp(242,26): warning C4305: 'inicializando': truncamiento de 'double' a 'GLfloat'
C:\Users\brand\OneDrive\Escritorio\CG\Practica06\Practica06\Practica06\P06-317164251.cpp(242,42): warning C4305: 'inicializando': truncamiento de 'double' a 'GLfloat'
C:\Users\brand\OneDrive\Escritorio\CG\Practica06\Practica06\Practica06\P06-317164251.cpp(243,24): warning C4305: 'inicializando': truncamiento de 'double' a 'GLfloat'
C:\Users\brand\OneDrive\Escritorio\CG\Practica06\Practica06\Practica06\P06-317164251.cpp(243,40): warning C4305: 'inicializando': truncamiento de 'double' a 'GLfloat'
C:\Users\brand\OneDrive\Escritorio\CG\Practica06\Practica06\Practica06\P06-317164251.cpp(244,24): warning C4305: 'inicializando': truncamiento de 'double' a 'GLfloat'
C:\Users\brand\OneDrive\Escritorio\CG\Practica06\Practica06\Practica06\P06-317164251.cpp(244,40): warning C4305: 'inicializando': truncamiento de 'double' a 'GLfloat'
C:\Users\brand\OneDrive\Escritorio\CG\Practica06\Practica06\Practica06\P06-317164251.cpp(247,27): warning C4305: 'inicializando': truncamiento de 'double' a 'GLfloat'
C:\Users\brand\OneDrive\Escritorio\CG\Practica06\Practica06\Practica06\P06-317164251.cpp(247,31): warning C4305: 'inicializando': truncamiento de 'double' a 'GLfloat'
C:\Users\brand\OneDrive\Escritorio\CG\Practica06\Practica06\Practica06\P06-317164251.cpp(248,26): warning C4305: 'inicializando': truncamiento de 'double' a 'GLfloat'
C:\Users\brand\OneDrive\Escritorio\CG\Practica06\Practica06\Practica06\P06-317164251.cpp(248,41): warning C4305: 'inicializando': truncamiento de 'double' a 'GLfloat'
C:\Users\brand\OneDrive\Escritorio\CG\Practica06\Practica06\Practica06\P06-317164251.cpp(249,24): warning C4305: 'inicializando': truncamiento de 'double' a 'GLfloat'
C:\Users\brand\OneDrive\Escritorio\CG\Practica06\Practica06\Practica06\P06-317164251.cpp(249,39): warning C4305: 'inicializando': truncamiento de 'double' a 'GLfloat'
C:\Users\brand\OneDrive\Escritorio\CG\Practica06\Practica06\Practica06\P06-317164251.cpp(250,26): warning C4305: 'inicializando': truncamiento de 'double' a 'GLfloat'
C:\Users\brand\OneDrive\Escritorio\CG\Practica06\Practica06\Practica06\P06-317164251.cpp(250,42): warning C4305: 'inicializando': truncamiento de 'double' a 'GLfloat'
C:\Users\brand\OneDrive\Escritorio\CG\Practica06\Practica06\Practica06\P06-317164251.cpp(253,24): warning C4305: 'inicializando': truncamiento de 'double' a 'GLfloat'
C:\Users\brand\OneDrive\Escritorio\CG\Practica06\Practica06\Practica06\P06-317164251.cpp(253,40): warning C4305: 'inicializando': truncamiento de 'double' a 'GLfloat'
C:\Users\brand\OneDrive\Escritorio\CG\Practica06\Practica06\Practica06\P06-317164251.cpp(254,27): warning C4305: 'inicializando': truncamiento de 'double' a 'GLfloat'
C:\Users\brand\OneDrive\Escritorio\CG\Practica06\Practica06\Practica06\P06-317164251.cpp(254,42): warning C4305: 'inicializando': truncamiento de 'double' a 'GLfloat'
C:\Users\brand\OneDrive\Escritorio\CG\Practica06\Practica06\Practica06\P06-317164251.cpp(255,24): warning C4305: 'inicializando': truncamiento de 'double' a 'GLfloat'
C:\Users\brand\OneDrive\Escritorio\CG\Practica06\Practica06\Practica06\P06-317164251.cpp(255,40): warning C4305: 'inicializando': truncamiento de 'double' a 'GLfloat'
C:\Users\brand\OneDrive\Escritorio\CG\Practica06\Practica06\Practica06\P06-317164251.cpp(256,24): warning C4305: 'inicializando': truncamiento de 'double' a 'GLfloat'
C:\Users\brand\OneDrive\Escritorio\CG\Practica06\Practica06\Practica06\P06-317164251.cpp(256,40): warning C4305: 'inicializando': truncamiento de 'double' a 'GLfloat'
C:\Users\brand\OneDrive\Escritorio\CG\Practica06\Practica06\Practica06\P06-317164251.cpp(259,25): warning C4305: 'inicializando': truncamiento de 'double' a 'GLfloat'
C:\Users\brand\OneDrive\Escritorio\CG\Practica06\Practica06\Practica06\P06-317164251.cpp(259,41): warning C4305: 'inicializando': truncamiento de 'double' a 'GLfloat'
C:\Users\brand\OneDrive\Escritorio\CG\Practica06\Practica06\Practica06\P06-317164251.cpp(260,27): warning C4305: 'inicializando': truncamiento de 'double' a 'GLfloat'
C:\Users\brand\OneDrive\Escritorio\CG\Practica06\Practica06\Practica06\P06-317164251.cpp(260,43): warning C4305: 'inicializando': truncamiento de 'double' a 'GLfloat'
C:\Users\brand\OneDrive\Escritorio\CG\Practica06\Practica06\Practica06\P06-317164251.cpp(261,24): warning C4305: 'inicializando': truncamiento de 'double' a 'GLfloat'
C:\Users\brand\OneDrive\Escritorio\CG\Practica06\Practica06\Practica06\P06-317164251.cpp(261,40): warning C4305: 'inicializando': truncamiento de 'double' a 'GLfloat'
C:\Users\brand\OneDrive\Escritorio\CG\Practica06\Practica06\Practica06\P06-317164251.cpp(262,27): warning C4305: 'inicializando': truncamiento de 'double' a 'GLfloat'
C:\Users\brand\OneDrive\Escritorio\CG\Practica06\Practica06\Practica06\P06-317164251.cpp(262,43): warning C4305: 'inicializando': truncamiento de 'double' a 'GLfloat'
C:\Users\brand\OneDrive\Escritorio\CG\Practica06\Practica06\Practica06\P06-317164251.cpp(265,24): warning C4305: 'inicializando': truncamiento de 'double' a 'GLfloat'
C:\Users\brand\OneDrive\Escritorio\CG\Practica06\Practica06\Practica06\P06-317164251.cpp(266,27): warning C4305: 'inicializando': truncamiento de 'double' a 'GLfloat'
C:\Users\brand\OneDrive\Escritorio\CG\Practica06\Practica06\Practica06\P06-317164251.cpp(266,43): warning C4305: 'inicializando': truncamiento de 'double' a 'GLfloat'
C:\Users\brand\OneDrive\Escritorio\CG\Practica06\Practica06\Practica06\P06-317164251.cpp(267,24): warning C4305: 'inicializando': truncamiento de 'double' a 'GLfloat'
C:\Users\brand\OneDrive\Escritorio\CG\Practica06\Practica06\Practica06\P06-317164251.cpp(267,40): warning C4305: 'inicializando': truncamiento de 'double' a 'GLfloat'
C:\Users\brand\OneDrive\Escritorio\CG\Practica06\Practica06\Practica06\P06-317164251.cpp(268,27): warning C4305: 'inicializando': truncamiento de 'double' a 'GLfloat'
C:\Users\brand\OneDrive\Escritorio\CG\Practica06\Practica06\Practica06\P06-317164251.cpp(268,43): warning C4305: 'inicializando': truncamiento de 'double' a 'GLfloat'
C:\Users\brand\OneDrive\Escritorio\CG\Practica06\Practica06\Practica06\P06-317164251.cpp(271,26): warning C4305: 'inicializando': truncamiento de 'double' a 'GLfloat'
C:\Users\brand\OneDrive\Escritorio\CG\Practica06\Practica06\Practica06\P06-317164251.cpp(271,42): warning C4305: 'inicializando': truncamiento de 'double' a 'GLfloat'
C:\Users\brand\OneDrive\Escritorio\CG\Practica06\Practica06\Practica06\P06-317164251.cpp(272,27): warning C4305: 'inicializando': truncamiento de 'double' a 'GLfloat'
C:\Users\brand\OneDrive\Escritorio\CG\Practica06\Practica06\Practica06\P06-317164251.cpp(272,43): warning C4305: 'inicializando': truncamiento de 'double' a 'GLfloat'
C:\Users\brand\OneDrive\Escritorio\CG\Practica06\Practica06\Practica06\P06-317164251.cpp(273,24): warning C4305: 'inicializando': truncamiento de 'double' a 'GLfloat'
C:\Users\brand\OneDrive\Escritorio\CG\Practica06\Practica06\Practica06\P06-317164251.cpp(273,40): warning C4305: 'inicializando': truncamiento de 'double' a 'GLfloat'
C:\Users\brand\OneDrive\Escritorio\CG\Practica06\Practica06\Practica06\P06-317164251.cpp(274,27): warning C4305: 'inicializando': truncamiento de 'double' a 'GLfloat'
C:\Users\brand\OneDrive\Escritorio\CG\Practica06\Practica06\Practica06\P06-317164251.cpp(274,43): warning C4305: 'inicializando': truncamiento de 'double' a 'GLfloat'
C:\Users\brand\OneDrive\Escritorio\CG\Practica06\Practica06\Practica06\P06-317164251.cpp(277,26): warning C4305: 'inicializando': truncamiento de 'double' a 'GLfloat'
C:\Users\brand\OneDrive\Escritorio\CG\Practica06\Practica06\Practica06\P06-317164251.cpp(277,42): warning C4305: 'inicializando': truncamiento de 'double' a 'GLfloat'
C:\Users\brand\OneDrive\Escritorio\CG\Practica06\Practica06\Practica06\P06-317164251.cpp(278,24): warning C4305: 'inicializando': truncamiento de 'double' a 'GLfloat'
C:\Users\brand\OneDrive\Escritorio\CG\Practica06\Practica06\Practica06\P06-317164251.cpp(278,29): warning C4305: 'inicializando': truncamiento de 'double' a 'GLfloat'
C:\Users\brand\OneDrive\Escritorio\CG\Practica06\Practica06\Practica06\P06-317164251.cpp(279,24): warning C4305: 'inicializando': truncamiento de 'double' a 'GLfloat'
C:\Users\brand\OneDrive\Escritorio\CG\Practica06\Practica06\Practica06\P06-317164251.cpp(279,40): warning C4305: 'inicializando': truncamiento de 'double' a 'GLfloat'
C:\Users\brand\OneDrive\Escritorio\CG\Practica06\Practica06\Practica06\P06-317164251.cpp(280,27): warning C4305: 'inicializando': truncamiento de 'double' a 'GLfloat'
C:\Users\brand\OneDrive\Escritorio\CG\Practica06\Practica06\Practica06\P06-317164251.cpp(280,43): warning C4305: 'inicializando': truncamiento de 'double' a 'GLfloat'
C:\Users\brand\OneDrive\Escritorio\CG\Practica06\Practica06\Practica06\P06-317164251.cpp(366,15): warning C4244: 'inicializando': conversión de 'double' a 'GLfloat'; posible pérdida de datos
C:\Users\brand\OneDrive\Escritorio\CG\Practica06\Practica06\Practica06\P06-317164251.cpp(368,33): warning C4244: '+=': conversión de 'double' a 'GLfloat'; posible pérdida de datos
  PointLight.cpp
C:\Users\brand\OneDrive\Escritorio\CG\Practica06\Practica06\Practica06\PointLight.cpp(28,14): warning C4244: 'argumento': conversión de 'GLfloat' a 'GLint'; posible pérdida de datos
C:\Users\brand\OneDrive\Escritorio\CG\Practica06\Practica06\Practica06\PointLight.cpp(29,14): warning C4244: 'argumento': conversión de 'GLfloat' a 'GLint'; posible pérdida de datos
C:\Users\brand\OneDrive\Escritorio\CG\Practica06\Practica06\Practica06\PointLight.cpp(30,14): warning C4244: 'argumento': conversión de 'GLfloat' a 'GLint'; posible pérdida de datos
C:\Users\brand\OneDrive\Escritorio\CG\Practica06\Practica06\Practica06\PointLight.cpp(32,14): warning C4244: 'argumento': conversión de 'GLfloat' a 'GLint'; posible pérdida de datos
C:\Users\brand\OneDrive\Escritorio\CG\Practica06\Practica06\Practica06\PointLight.cpp(33,14): warning C4244: 'argumento': conversión de 'GLfloat' a 'GLint'; posible pérdida de datos
C:\Users\brand\OneDrive\Escritorio\CG\Practica06\Practica06\Practica06\PointLight.cpp(34,14): warning C4244: 'argumento': conversión de 'GLfloat' a 'GLint'; posible pérdida de datos
C:\Users\brand\OneDrive\Escritorio\CG\Practica06\Practica06\Practica06\PointLight.cpp(35,14): warning C4244: 'argumento': conversión de 'GLfloat' a 'GLint'; posible pérdida de datos
  Shader_m.cpp
  Skybox.cpp
  Sphere.cpp
C:\Users\brand\OneDrive\Escritorio\CG\Practica06\Practica06\Practica06\Sphere.cpp(39,13): warning C4244: 'inicializando': conversión de 'double' a 'float'; posible pérdida de datos
C:\Users\brand\OneDrive\Escritorio\CG\Practica06\Practica06\Practica06\Sphere.cpp(43,16): warning C4244: 'inicializando': conversión de 'double' a 'float'; posible pérdida de datos
  SpotLight.cpp
  Texture.cpp
  Window.cpp
C:\Users\brand\OneDrive\Escritorio\CG\Practica06\Practica06\Practica06\Window.h(12,36): warning C4244: 'return': conversión de 'GLint' a 'GLfloat'; posible pérdida de datos
C:\Users\brand\OneDrive\Escritorio\CG\Practica06\Practica06\Practica06\Window.h(13,37): warning C4244: 'return': conversión de 'GLint' a 'GLfloat'; posible pérdida de datos
C:\Users\brand\OneDrive\Escritorio\CG\Practica06\Practica06\Practica06\Window.cpp(162,22): warning C4244: '=': conversión de 'double' a 'GLfloat'; posible pérdida de datos
C:\Users\brand\OneDrive\Escritorio\CG\Practica06\Practica06\Practica06\Window.cpp(163,22): warning C4244: '=': conversión de 'double' a 'GLfloat'; posible pérdida de datos
C:\Users\brand\OneDrive\Escritorio\CG\Practica06\Practica06\Practica06\Window.cpp(167,28): warning C4244: '=': conversión de 'double' a 'GLfloat'; posible pérdida de datos
C:\Users\brand\OneDrive\Escritorio\CG\Practica06\Practica06\Practica06\Window.cpp(168,40): warning C4244: '=': conversión de 'double' a 'GLfloat'; posible pérdida de datos
C:\Users\brand\OneDrive\Escritorio\CG\Practica06\Practica06\Practica06\Window.cpp(170,21): warning C4244: '=': conversión de 'double' a 'GLfloat'; posible pérdida de datos
C:\Users\brand\OneDrive\Escritorio\CG\Practica06\Practica06\Practica06\Window.cpp(171,21): warning C4244: '=': conversión de 'double' a 'GLfloat'; posible pérdida de datos
  Generando código
  Previous IPDB not found, fall back to full compilation.
C:\Users\brand\OneDrive\Escritorio\CG\Practica06\Practica06\Practica06\Window.cpp(75): warning C4715: 'Window::Initialise': no todas las rutas de acceso de control devuelven un valor
  All 873 functions were compiled because no usable IPDB/IOBJ from previous compilation was found.
  Generación de código finalizada
  Practica06.vcxproj -> C:\Users\brand\OneDrive\Escritorio\CG\Practica06\Practica06\Release\Practica06.exe
