C:\Program Files\Microsoft Visual Studio\2022\Community\MSBuild\Microsoft\VC\v170\Microsoft.CppBuild.targets(531,5): warning MSB8028: El directorio intermedio (Debug\) contiene archivos compartidos de otro proyecto (practica6.vcxproj). Esto puede dar lugar a un comportamiento incorrecto de limpieza y recompilación.
  Camera.cpp
  DirectionalLight.cpp
  E06-317164251.cpp
C:\Users\brand\OneDrive\Escritorio\CG\Practica06\Ejercicio06\Practica06\DirectionalLight.cpp(18,14): warning C4244: 'argumento': conversión de 'GLfloat' a 'GLint'; posible pérdida de datos
C:\Users\brand\OneDrive\Escritorio\CG\Practica06\Ejercicio06\Practica06\DirectionalLight.cpp(19,14): warning C4244: 'argumento': conversión de 'GLfloat' a 'GLint'; posible pérdida de datos
C:\Users\brand\OneDrive\Escritorio\CG\Practica06\Ejercicio06\Practica06\DirectionalLight.cpp(21,14): warning C4244: 'argumento': conversión de 'GLfloat' a 'GLint'; posible pérdida de datos
C:\Users\brand\OneDrive\Escritorio\CG\Practica06\Ejercicio06\Practica06\DirectionalLight.cpp(22,14): warning C4244: 'argumento': conversión de 'GLfloat' a 'GLint'; posible pérdida de datos
C:\Users\brand\OneDrive\Escritorio\CG\Practica06\Ejercicio06\Practica06\Window.h(12,36): warning C4244: 'return': conversión de 'GLint' a 'GLfloat'; posible pérdida de datos
C:\Users\brand\OneDrive\Escritorio\CG\Practica06\Ejercicio06\Practica06\Window.h(13,37): warning C4244: 'return': conversión de 'GLint' a 'GLfloat'; posible pérdida de datos
C:\Users\brand\OneDrive\Escritorio\CG\Practica06\Ejercicio06\Practica06\E06-317164251.cpp(310,15): warning C4244: 'inicializando': conversión de 'double' a 'GLfloat'; posible pérdida de datos
C:\Users\brand\OneDrive\Escritorio\CG\Practica06\Ejercicio06\Practica06\E06-317164251.cpp(312,33): warning C4244: '+=': conversión de 'double' a 'GLfloat'; posible pérdida de datos
  Light.cpp
  Material.cpp
  Mesh_tn.cpp
  Model.cpp
C:\Users\brand\OneDrive\Escritorio\CG\Practica06\Ejercicio06\Practica06\Model.cpp(16,10): warning C4477: 'printf' : la cadena de formato '%s' requiere un argumento de tipo 'char *', pero el argumento variádico 1 tiene el tipo 'const std::string'
C:\Users\brand\OneDrive\Escritorio\CG\Practica06\Ejercicio06\Practica06\Model.cpp(16,80): warning C4474: "printf": se pasaron demasiados argumentos para la cadena de formato
C:\Users\brand\OneDrive\Escritorio\CG\Practica06\Ejercicio06\Practica06\Model.cpp(51,7): warning C4804: '<': uso no seguro del tipo 'bool' en la operación
C:\Users\brand\OneDrive\Escritorio\CG\Practica06\Ejercicio06\Practica06\Model.cpp(51,21): warning C4018: '<': no coinciden signed/unsigned
C:\Users\brand\OneDrive\Escritorio\CG\Practica06\Ejercicio06\Practica06\Model.cpp(153,14): warning C4477: 'printf' : la cadena de formato '%s' requiere un argumento de tipo 'char *', pero el argumento variádico 1 tiene el tipo 'std::string'
C:\Users\brand\OneDrive\Escritorio\CG\Practica06\Ejercicio06\Practica06\Model.cpp(162,14): warning C4477: 'printf' : la cadena de formato '%s' requiere un argumento de tipo 'char *', pero el argumento variádico 1 tiene el tipo 'std::string'
  PointLight.cpp
C:\Users\brand\OneDrive\Escritorio\CG\Practica06\Ejercicio06\Practica06\PointLight.cpp(28,14): warning C4244: 'argumento': conversión de 'GLfloat' a 'GLint'; posible pérdida de datos
C:\Users\brand\OneDrive\Escritorio\CG\Practica06\Ejercicio06\Practica06\PointLight.cpp(29,14): warning C4244: 'argumento': conversión de 'GLfloat' a 'GLint'; posible pérdida de datos
C:\Users\brand\OneDrive\Escritorio\CG\Practica06\Ejercicio06\Practica06\PointLight.cpp(30,14): warning C4244: 'argumento': conversión de 'GLfloat' a 'GLint'; posible pérdida de datos
C:\Users\brand\OneDrive\Escritorio\CG\Practica06\Ejercicio06\Practica06\PointLight.cpp(32,14): warning C4244: 'argumento': conversión de 'GLfloat' a 'GLint'; posible pérdida de datos
C:\Users\brand\OneDrive\Escritorio\CG\Practica06\Ejercicio06\Practica06\PointLight.cpp(33,14): warning C4244: 'argumento': conversión de 'GLfloat' a 'GLint'; posible pérdida de datos
C:\Users\brand\OneDrive\Escritorio\CG\Practica06\Ejercicio06\Practica06\PointLight.cpp(34,14): warning C4244: 'argumento': conversión de 'GLfloat' a 'GLint'; posible pérdida de datos
C:\Users\brand\OneDrive\Escritorio\CG\Practica06\Ejercicio06\Practica06\PointLight.cpp(35,14): warning C4244: 'argumento': conversión de 'GLfloat' a 'GLint'; posible pérdida de datos
  practica6.cpp
/practica6.cpp(1,1): error C1083: No se puede abrir el archivo origen: 'practica6.cpp': No such file or directory
  Shader_m.cpp
  Skybox.cpp
  Sphere.cpp
C:\Users\brand\OneDrive\Escritorio\CG\Practica06\Ejercicio06\Practica06\Sphere.cpp(39,13): warning C4244: 'inicializando': conversión de 'double' a 'float'; posible pérdida de datos
C:\Users\brand\OneDrive\Escritorio\CG\Practica06\Ejercicio06\Practica06\Sphere.cpp(43,16): warning C4244: 'inicializando': conversión de 'double' a 'float'; posible pérdida de datos
  SpotLight.cpp
  Texture.cpp
  Window.cpp
C:\Users\brand\OneDrive\Escritorio\CG\Practica06\Ejercicio06\Practica06\Window.h(12,36): warning C4244: 'return': conversión de 'GLint' a 'GLfloat'; posible pérdida de datos
C:\Users\brand\OneDrive\Escritorio\CG\Practica06\Ejercicio06\Practica06\Window.h(13,37): warning C4244: 'return': conversión de 'GLint' a 'GLfloat'; posible pérdida de datos
C:\Users\brand\OneDrive\Escritorio\CG\Practica06\Ejercicio06\Practica06\Window.cpp(162,22): warning C4244: '=': conversión de 'double' a 'GLfloat'; posible pérdida de datos
C:\Users\brand\OneDrive\Escritorio\CG\Practica06\Ejercicio06\Practica06\Window.cpp(163,22): warning C4244: '=': conversión de 'double' a 'GLfloat'; posible pérdida de datos
C:\Users\brand\OneDrive\Escritorio\CG\Practica06\Ejercicio06\Practica06\Window.cpp(167,28): warning C4244: '=': conversión de 'double' a 'GLfloat'; posible pérdida de datos
C:\Users\brand\OneDrive\Escritorio\CG\Practica06\Ejercicio06\Practica06\Window.cpp(168,40): warning C4244: '=': conversión de 'double' a 'GLfloat'; posible pérdida de datos
C:\Users\brand\OneDrive\Escritorio\CG\Practica06\Ejercicio06\Practica06\Window.cpp(170,21): warning C4244: '=': conversión de 'double' a 'GLfloat'; posible pérdida de datos
C:\Users\brand\OneDrive\Escritorio\CG\Practica06\Ejercicio06\Practica06\Window.cpp(171,21): warning C4244: '=': conversión de 'double' a 'GLfloat'; posible pérdida de datos
  Generando código...
C:\Users\brand\OneDrive\Escritorio\CG\Practica06\Ejercicio06\Practica06\Window.cpp(75,1): warning C4715: 'Window::Initialise': no todas las rutas de acceso de control devuelven un valor
