  E092-317164251.cpp
C:\Users\brand\OneDrive\Escritorio\CG\Ejercicio10\Ejercicio10\Ejercicio10\Window.h(12,36): warning C4244: 'return': conversión de 'GLint' a 'GLfloat'; posible pérdida de datos
C:\Users\brand\OneDrive\Escritorio\CG\Ejercicio10\Ejercicio10\Ejercicio10\Window.h(13,37): warning C4244: 'return': conversión de 'GLint' a 'GLfloat'; posible pérdida de datos
C:\Users\brand\OneDrive\Escritorio\CG\Ejercicio10\Ejercicio10\Ejercicio10\E092-317164251.cpp(375,15): warning C4244: 'inicializando': conversión de 'double' a 'GLfloat'; posible pérdida de datos
C:\Users\brand\OneDrive\Escritorio\CG\Ejercicio10\Ejercicio10\Ejercicio10\E092-317164251.cpp(377,33): warning C4244: '+=': conversión de 'double' a 'GLfloat'; posible pérdida de datos
C:\Users\brand\OneDrive\Escritorio\CG\Ejercicio10\Ejercicio10\Ejercicio10\E092-317164251.cpp(534,21): warning C4305: '+=': truncamiento de 'double' a 'float'
C:\Users\brand\OneDrive\Escritorio\CG\Ejercicio10\Ejercicio10\Ejercicio10\E092-317164251.cpp(612,21): warning C4305: '=': truncamiento de 'double' a 'float'
C:\Users\brand\OneDrive\Escritorio\CG\Ejercicio10\Ejercicio10\Ejercicio10\E092-317164251.cpp(633,22): warning C4244: 'inicializando': conversión de 'double' a 'float'; posible pérdida de datos
  Window.cpp
C:\Users\brand\OneDrive\Escritorio\CG\Ejercicio10\Ejercicio10\Ejercicio10\Window.h(12,36): warning C4244: 'return': conversión de 'GLint' a 'GLfloat'; posible pérdida de datos
C:\Users\brand\OneDrive\Escritorio\CG\Ejercicio10\Ejercicio10\Ejercicio10\Window.h(13,37): warning C4244: 'return': conversión de 'GLint' a 'GLfloat'; posible pérdida de datos
C:\Users\brand\OneDrive\Escritorio\CG\Ejercicio10\Ejercicio10\Ejercicio10\Window.cpp(226,22): warning C4244: '=': conversión de 'double' a 'GLfloat'; posible pérdida de datos
C:\Users\brand\OneDrive\Escritorio\CG\Ejercicio10\Ejercicio10\Ejercicio10\Window.cpp(227,22): warning C4244: '=': conversión de 'double' a 'GLfloat'; posible pérdida de datos
C:\Users\brand\OneDrive\Escritorio\CG\Ejercicio10\Ejercicio10\Ejercicio10\Window.cpp(231,28): warning C4244: '=': conversión de 'double' a 'GLfloat'; posible pérdida de datos
C:\Users\brand\OneDrive\Escritorio\CG\Ejercicio10\Ejercicio10\Ejercicio10\Window.cpp(232,40): warning C4244: '=': conversión de 'double' a 'GLfloat'; posible pérdida de datos
C:\Users\brand\OneDrive\Escritorio\CG\Ejercicio10\Ejercicio10\Ejercicio10\Window.cpp(234,21): warning C4244: '=': conversión de 'double' a 'GLfloat'; posible pérdida de datos
C:\Users\brand\OneDrive\Escritorio\CG\Ejercicio10\Ejercicio10\Ejercicio10\Window.cpp(235,21): warning C4244: '=': conversión de 'double' a 'GLfloat'; posible pérdida de datos
  Generando código...
C:\Users\brand\OneDrive\Escritorio\CG\Ejercicio10\Ejercicio10\Ejercicio10\Window.cpp(93,1): warning C4715: 'Window::Initialise': no todas las rutas de acceso de control devuelven un valor
LINK : warning LNK4098: la biblioteca predeterminada'MSVCRT' entra en conflicto con otras bibliotecas; use la biblioteca /NODEFAULTLIB:biblioteca
  Ejercicio10.vcxproj -> C:\Users\brand\OneDrive\Escritorio\CG\Ejercicio10\Ejercicio10\Debug\Ejercicio10.exe
