  E08-317164251.cpp
C:\Users\brand\OneDrive\Escritorio\CG\Practica08\Practica08\Practica08\Window.h(12,36): warning C4244: 'return': conversión de 'GLint' a 'GLfloat'; posible pérdida de datos
C:\Users\brand\OneDrive\Escritorio\CG\Practica08\Practica08\Practica08\Window.h(13,37): warning C4244: 'return': conversión de 'GLint' a 'GLfloat'; posible pérdida de datos
C:\Users\brand\OneDrive\Escritorio\CG\Practica08\Practica08\Practica08\E08-317164251.cpp(256,29): warning C4305: 'inicializando': truncamiento de 'double' a 'GLfloat'
C:\Users\brand\OneDrive\Escritorio\CG\Practica08\Practica08\Practica08\E08-317164251.cpp(256,45): warning C4305: 'inicializando': truncamiento de 'double' a 'GLfloat'
C:\Users\brand\OneDrive\Escritorio\CG\Practica08\Practica08\Practica08\E08-317164251.cpp(257,27): warning C4305: 'inicializando': truncamiento de 'double' a 'GLfloat'
C:\Users\brand\OneDrive\Escritorio\CG\Practica08\Practica08\Practica08\E08-317164251.cpp(257,42): warning C4305: 'inicializando': truncamiento de 'double' a 'GLfloat'
C:\Users\brand\OneDrive\Escritorio\CG\Practica08\Practica08\Practica08\E08-317164251.cpp(258,26): warning C4305: 'inicializando': truncamiento de 'double' a 'GLfloat'
C:\Users\brand\OneDrive\Escritorio\CG\Practica08\Practica08\Practica08\E08-317164251.cpp(258,42): warning C4305: 'inicializando': truncamiento de 'double' a 'GLfloat'
C:\Users\brand\OneDrive\Escritorio\CG\Practica08\Practica08\Practica08\E08-317164251.cpp(259,26): warning C4305: 'inicializando': truncamiento de 'double' a 'GLfloat'
C:\Users\brand\OneDrive\Escritorio\CG\Practica08\Practica08\Practica08\E08-317164251.cpp(259,42): warning C4305: 'inicializando': truncamiento de 'double' a 'GLfloat'
C:\Users\brand\OneDrive\Escritorio\CG\Practica08\Practica08\Practica08\E08-317164251.cpp(262,29): warning C4305: 'inicializando': truncamiento de 'double' a 'GLfloat'
C:\Users\brand\OneDrive\Escritorio\CG\Practica08\Practica08\Practica08\E08-317164251.cpp(262,45): warning C4305: 'inicializando': truncamiento de 'double' a 'GLfloat'
C:\Users\brand\OneDrive\Escritorio\CG\Practica08\Practica08\Practica08\E08-317164251.cpp(263,26): warning C4305: 'inicializando': truncamiento de 'double' a 'GLfloat'
C:\Users\brand\OneDrive\Escritorio\CG\Practica08\Practica08\Practica08\E08-317164251.cpp(263,42): warning C4305: 'inicializando': truncamiento de 'double' a 'GLfloat'
C:\Users\brand\OneDrive\Escritorio\CG\Practica08\Practica08\Practica08\E08-317164251.cpp(264,26): warning C4305: 'inicializando': truncamiento de 'double' a 'GLfloat'
C:\Users\brand\OneDrive\Escritorio\CG\Practica08\Practica08\Practica08\E08-317164251.cpp(264,42): warning C4305: 'inicializando': truncamiento de 'double' a 'GLfloat'
C:\Users\brand\OneDrive\Escritorio\CG\Practica08\Practica08\Practica08\E08-317164251.cpp(265,27): warning C4305: 'inicializando': truncamiento de 'double' a 'GLfloat'
C:\Users\brand\OneDrive\Escritorio\CG\Practica08\Practica08\Practica08\E08-317164251.cpp(265,43): warning C4305: 'inicializando': truncamiento de 'double' a 'GLfloat'
C:\Users\brand\OneDrive\Escritorio\CG\Practica08\Practica08\Practica08\E08-317164251.cpp(268,29): warning C4305: 'inicializando': truncamiento de 'double' a 'GLfloat'
C:\Users\brand\OneDrive\Escritorio\CG\Practica08\Practica08\Practica08\E08-317164251.cpp(268,45): warning C4305: 'inicializando': truncamiento de 'double' a 'GLfloat'
C:\Users\brand\OneDrive\Escritorio\CG\Practica08\Practica08\Practica08\E08-317164251.cpp(269,28): warning C4305: 'inicializando': truncamiento de 'double' a 'GLfloat'
C:\Users\brand\OneDrive\Escritorio\CG\Practica08\Practica08\Practica08\E08-317164251.cpp(269,44): warning C4305: 'inicializando': truncamiento de 'double' a 'GLfloat'
C:\Users\brand\OneDrive\Escritorio\CG\Practica08\Practica08\Practica08\E08-317164251.cpp(270,26): warning C4305: 'inicializando': truncamiento de 'double' a 'GLfloat'
C:\Users\brand\OneDrive\Escritorio\CG\Practica08\Practica08\Practica08\E08-317164251.cpp(270,42): warning C4305: 'inicializando': truncamiento de 'double' a 'GLfloat'
C:\Users\brand\OneDrive\Escritorio\CG\Practica08\Practica08\Practica08\E08-317164251.cpp(271,26): warning C4305: 'inicializando': truncamiento de 'double' a 'GLfloat'
C:\Users\brand\OneDrive\Escritorio\CG\Practica08\Practica08\Practica08\E08-317164251.cpp(271,42): warning C4305: 'inicializando': truncamiento de 'double' a 'GLfloat'
C:\Users\brand\OneDrive\Escritorio\CG\Practica08\Practica08\Practica08\E08-317164251.cpp(274,30): warning C4305: 'inicializando': truncamiento de 'double' a 'GLfloat'
C:\Users\brand\OneDrive\Escritorio\CG\Practica08\Practica08\Practica08\E08-317164251.cpp(274,38): warning C4305: 'inicializando': truncamiento de 'double' a 'GLfloat'
C:\Users\brand\OneDrive\Escritorio\CG\Practica08\Practica08\Practica08\E08-317164251.cpp(274,60): warning C4305: 'inicializando': truncamiento de 'double' a 'GLfloat'
C:\Users\brand\OneDrive\Escritorio\CG\Practica08\Practica08\Practica08\E08-317164251.cpp(274,66): warning C4305: 'inicializando': truncamiento de 'double' a 'GLfloat'
C:\Users\brand\OneDrive\Escritorio\CG\Practica08\Practica08\Practica08\E08-317164251.cpp(274,72): warning C4305: 'inicializando': truncamiento de 'double' a 'GLfloat'
C:\Users\brand\OneDrive\Escritorio\CG\Practica08\Practica08\Practica08\E08-317164251.cpp(275,28): warning C4305: 'inicializando': truncamiento de 'double' a 'GLfloat'
C:\Users\brand\OneDrive\Escritorio\CG\Practica08\Practica08\Practica08\E08-317164251.cpp(275,43): warning C4305: 'inicializando': truncamiento de 'double' a 'GLfloat'
C:\Users\brand\OneDrive\Escritorio\CG\Practica08\Practica08\Practica08\E08-317164251.cpp(275,61): warning C4305: 'inicializando': truncamiento de 'double' a 'GLfloat'
C:\Users\brand\OneDrive\Escritorio\CG\Practica08\Practica08\Practica08\E08-317164251.cpp(275,67): warning C4305: 'inicializando': truncamiento de 'double' a 'GLfloat'
C:\Users\brand\OneDrive\Escritorio\CG\Practica08\Practica08\Practica08\E08-317164251.cpp(275,73): warning C4305: 'inicializando': truncamiento de 'double' a 'GLfloat'
C:\Users\brand\OneDrive\Escritorio\CG\Practica08\Practica08\Practica08\E08-317164251.cpp(276,26): warning C4305: 'inicializando': truncamiento de 'double' a 'GLfloat'
C:\Users\brand\OneDrive\Escritorio\CG\Practica08\Practica08\Practica08\E08-317164251.cpp(276,41): warning C4305: 'inicializando': truncamiento de 'double' a 'GLfloat'
C:\Users\brand\OneDrive\Escritorio\CG\Practica08\Practica08\Practica08\E08-317164251.cpp(276,58): warning C4305: 'inicializando': truncamiento de 'double' a 'GLfloat'
C:\Users\brand\OneDrive\Escritorio\CG\Practica08\Practica08\Practica08\E08-317164251.cpp(276,64): warning C4305: 'inicializando': truncamiento de 'double' a 'GLfloat'
C:\Users\brand\OneDrive\Escritorio\CG\Practica08\Practica08\Practica08\E08-317164251.cpp(276,70): warning C4305: 'inicializando': truncamiento de 'double' a 'GLfloat'
C:\Users\brand\OneDrive\Escritorio\CG\Practica08\Practica08\Practica08\E08-317164251.cpp(277,28): warning C4305: 'inicializando': truncamiento de 'double' a 'GLfloat'
C:\Users\brand\OneDrive\Escritorio\CG\Practica08\Practica08\Practica08\E08-317164251.cpp(277,44): warning C4305: 'inicializando': truncamiento de 'double' a 'GLfloat'
C:\Users\brand\OneDrive\Escritorio\CG\Practica08\Practica08\Practica08\E08-317164251.cpp(277,61): warning C4305: 'inicializando': truncamiento de 'double' a 'GLfloat'
C:\Users\brand\OneDrive\Escritorio\CG\Practica08\Practica08\Practica08\E08-317164251.cpp(277,67): warning C4305: 'inicializando': truncamiento de 'double' a 'GLfloat'
C:\Users\brand\OneDrive\Escritorio\CG\Practica08\Practica08\Practica08\E08-317164251.cpp(277,73): warning C4305: 'inicializando': truncamiento de 'double' a 'GLfloat'
C:\Users\brand\OneDrive\Escritorio\CG\Practica08\Practica08\Practica08\E08-317164251.cpp(280,26): warning C4305: 'inicializando': truncamiento de 'double' a 'GLfloat'
C:\Users\brand\OneDrive\Escritorio\CG\Practica08\Practica08\Practica08\E08-317164251.cpp(280,42): warning C4305: 'inicializando': truncamiento de 'double' a 'GLfloat'
C:\Users\brand\OneDrive\Escritorio\CG\Practica08\Practica08\Practica08\E08-317164251.cpp(281,29): warning C4305: 'inicializando': truncamiento de 'double' a 'GLfloat'
C:\Users\brand\OneDrive\Escritorio\CG\Practica08\Practica08\Practica08\E08-317164251.cpp(281,44): warning C4305: 'inicializando': truncamiento de 'double' a 'GLfloat'
C:\Users\brand\OneDrive\Escritorio\CG\Practica08\Practica08\Practica08\E08-317164251.cpp(282,26): warning C4305: 'inicializando': truncamiento de 'double' a 'GLfloat'
C:\Users\brand\OneDrive\Escritorio\CG\Practica08\Practica08\Practica08\E08-317164251.cpp(282,42): warning C4305: 'inicializando': truncamiento de 'double' a 'GLfloat'
C:\Users\brand\OneDrive\Escritorio\CG\Practica08\Practica08\Practica08\E08-317164251.cpp(283,26): warning C4305: 'inicializando': truncamiento de 'double' a 'GLfloat'
C:\Users\brand\OneDrive\Escritorio\CG\Practica08\Practica08\Practica08\E08-317164251.cpp(283,42): warning C4305: 'inicializando': truncamiento de 'double' a 'GLfloat'
C:\Users\brand\OneDrive\Escritorio\CG\Practica08\Practica08\Practica08\E08-317164251.cpp(286,27): warning C4305: 'inicializando': truncamiento de 'double' a 'GLfloat'
C:\Users\brand\OneDrive\Escritorio\CG\Practica08\Practica08\Practica08\E08-317164251.cpp(286,43): warning C4305: 'inicializando': truncamiento de 'double' a 'GLfloat'
C:\Users\brand\OneDrive\Escritorio\CG\Practica08\Practica08\Practica08\E08-317164251.cpp(287,29): warning C4305: 'inicializando': truncamiento de 'double' a 'GLfloat'
C:\Users\brand\OneDrive\Escritorio\CG\Practica08\Practica08\Practica08\E08-317164251.cpp(287,45): warning C4305: 'inicializando': truncamiento de 'double' a 'GLfloat'
C:\Users\brand\OneDrive\Escritorio\CG\Practica08\Practica08\Practica08\E08-317164251.cpp(288,26): warning C4305: 'inicializando': truncamiento de 'double' a 'GLfloat'
C:\Users\brand\OneDrive\Escritorio\CG\Practica08\Practica08\Practica08\E08-317164251.cpp(288,42): warning C4305: 'inicializando': truncamiento de 'double' a 'GLfloat'
C:\Users\brand\OneDrive\Escritorio\CG\Practica08\Practica08\Practica08\E08-317164251.cpp(289,29): warning C4305: 'inicializando': truncamiento de 'double' a 'GLfloat'
C:\Users\brand\OneDrive\Escritorio\CG\Practica08\Practica08\Practica08\E08-317164251.cpp(289,45): warning C4305: 'inicializando': truncamiento de 'double' a 'GLfloat'
C:\Users\brand\OneDrive\Escritorio\CG\Practica08\Practica08\Practica08\E08-317164251.cpp(292,30): warning C4305: 'inicializando': truncamiento de 'double' a 'GLfloat'
C:\Users\brand\OneDrive\Escritorio\CG\Practica08\Practica08\Practica08\E08-317164251.cpp(293,29): warning C4305: 'inicializando': truncamiento de 'double' a 'GLfloat'
C:\Users\brand\OneDrive\Escritorio\CG\Practica08\Practica08\Practica08\E08-317164251.cpp(293,45): warning C4305: 'inicializando': truncamiento de 'double' a 'GLfloat'
C:\Users\brand\OneDrive\Escritorio\CG\Practica08\Practica08\Practica08\E08-317164251.cpp(294,26): warning C4305: 'inicializando': truncamiento de 'double' a 'GLfloat'
C:\Users\brand\OneDrive\Escritorio\CG\Practica08\Practica08\Practica08\E08-317164251.cpp(294,42): warning C4305: 'inicializando': truncamiento de 'double' a 'GLfloat'
C:\Users\brand\OneDrive\Escritorio\CG\Practica08\Practica08\Practica08\E08-317164251.cpp(295,29): warning C4305: 'inicializando': truncamiento de 'double' a 'GLfloat'
C:\Users\brand\OneDrive\Escritorio\CG\Practica08\Practica08\Practica08\E08-317164251.cpp(295,45): warning C4305: 'inicializando': truncamiento de 'double' a 'GLfloat'
C:\Users\brand\OneDrive\Escritorio\CG\Practica08\Practica08\Practica08\E08-317164251.cpp(298,28): warning C4305: 'inicializando': truncamiento de 'double' a 'GLfloat'
C:\Users\brand\OneDrive\Escritorio\CG\Practica08\Practica08\Practica08\E08-317164251.cpp(298,44): warning C4305: 'inicializando': truncamiento de 'double' a 'GLfloat'
C:\Users\brand\OneDrive\Escritorio\CG\Practica08\Practica08\Practica08\E08-317164251.cpp(299,29): warning C4305: 'inicializando': truncamiento de 'double' a 'GLfloat'
C:\Users\brand\OneDrive\Escritorio\CG\Practica08\Practica08\Practica08\E08-317164251.cpp(299,45): warning C4305: 'inicializando': truncamiento de 'double' a 'GLfloat'
C:\Users\brand\OneDrive\Escritorio\CG\Practica08\Practica08\Practica08\E08-317164251.cpp(300,26): warning C4305: 'inicializando': truncamiento de 'double' a 'GLfloat'
C:\Users\brand\OneDrive\Escritorio\CG\Practica08\Practica08\Practica08\E08-317164251.cpp(300,42): warning C4305: 'inicializando': truncamiento de 'double' a 'GLfloat'
C:\Users\brand\OneDrive\Escritorio\CG\Practica08\Practica08\Practica08\E08-317164251.cpp(301,29): warning C4305: 'inicializando': truncamiento de 'double' a 'GLfloat'
C:\Users\brand\OneDrive\Escritorio\CG\Practica08\Practica08\Practica08\E08-317164251.cpp(301,45): warning C4305: 'inicializando': truncamiento de 'double' a 'GLfloat'
C:\Users\brand\OneDrive\Escritorio\CG\Practica08\Practica08\Practica08\E08-317164251.cpp(304,28): warning C4305: 'inicializando': truncamiento de 'double' a 'GLfloat'
C:\Users\brand\OneDrive\Escritorio\CG\Practica08\Practica08\Practica08\E08-317164251.cpp(304,44): warning C4305: 'inicializando': truncamiento de 'double' a 'GLfloat'
C:\Users\brand\OneDrive\Escritorio\CG\Practica08\Practica08\Practica08\E08-317164251.cpp(305,26): warning C4305: 'inicializando': truncamiento de 'double' a 'GLfloat'
C:\Users\brand\OneDrive\Escritorio\CG\Practica08\Practica08\Practica08\E08-317164251.cpp(305,31): warning C4305: 'inicializando': truncamiento de 'double' a 'GLfloat'
C:\Users\brand\OneDrive\Escritorio\CG\Practica08\Practica08\Practica08\E08-317164251.cpp(306,26): warning C4305: 'inicializando': truncamiento de 'double' a 'GLfloat'
C:\Users\brand\OneDrive\Escritorio\CG\Practica08\Practica08\Practica08\E08-317164251.cpp(306,42): warning C4305: 'inicializando': truncamiento de 'double' a 'GLfloat'
C:\Users\brand\OneDrive\Escritorio\CG\Practica08\Practica08\Practica08\E08-317164251.cpp(307,29): warning C4305: 'inicializando': truncamiento de 'double' a 'GLfloat'
C:\Users\brand\OneDrive\Escritorio\CG\Practica08\Practica08\Practica08\E08-317164251.cpp(307,45): warning C4305: 'inicializando': truncamiento de 'double' a 'GLfloat'
C:\Users\brand\OneDrive\Escritorio\CG\Practica08\Practica08\Practica08\E08-317164251.cpp(470,15): warning C4244: 'inicializando': conversión de 'double' a 'GLfloat'; posible pérdida de datos
C:\Users\brand\OneDrive\Escritorio\CG\Practica08\Practica08\Practica08\E08-317164251.cpp(472,33): warning C4244: '+=': conversión de 'double' a 'GLfloat'; posible pérdida de datos
  Practica08.vcxproj -> C:\Users\brand\OneDrive\Escritorio\CG\Practica08\Practica08\Debug\Practica08.exe
