  E04-317164251.cpp
C:\Users\brand\OneDrive\Escritorio\CG\Practica4\Ejercicio04\Ejercicio04\Project1\Window.h(12,36): warning C4244: 'return': conversión de 'GLint' a 'GLfloat'; posible pérdida de datos
C:\Users\brand\OneDrive\Escritorio\CG\Practica4\Ejercicio04\Ejercicio04\Project1\Window.h(13,37): warning C4244: 'return': conversión de 'GLint' a 'GLfloat'; posible pérdida de datos
C:\Users\brand\OneDrive\Escritorio\CG\Practica4\Ejercicio04\Ejercicio04\Project1\E04-317164251.cpp(28,36): warning C4305: 'inicializando': truncamiento de 'double' a 'float'
C:\Users\brand\OneDrive\Escritorio\CG\Practica4\Ejercicio04\Ejercicio04\Project1\E04-317164251.cpp(191,16): warning C4018: '<': no coinciden signed/unsigned
C:\Users\brand\OneDrive\Escritorio\CG\Practica4\Ejercicio04\Ejercicio04\Project1\E04-317164251.cpp(233,32): warning C4244: 'argumento': conversión de 'double' a '_Ty'; posible pérdida de datos
C:\Users\brand\OneDrive\Escritorio\CG\Practica4\Ejercicio04\Ejercicio04\Project1\E04-317164251.cpp(233,32): warning C4244:         with
C:\Users\brand\OneDrive\Escritorio\CG\Practica4\Ejercicio04\Ejercicio04\Project1\E04-317164251.cpp(233,32): warning C4244:         [
C:\Users\brand\OneDrive\Escritorio\CG\Practica4\Ejercicio04\Ejercicio04\Project1\E04-317164251.cpp(233,32): warning C4244:             _Ty=GLfloat
C:\Users\brand\OneDrive\Escritorio\CG\Practica4\Ejercicio04\Ejercicio04\Project1\E04-317164251.cpp(233,32): warning C4244:         ]
C:\Users\brand\OneDrive\Escritorio\CG\Practica4\Ejercicio04\Ejercicio04\Project1\E04-317164251.cpp(235,32): warning C4244: 'argumento': conversión de 'double' a '_Ty'; posible pérdida de datos
C:\Users\brand\OneDrive\Escritorio\CG\Practica4\Ejercicio04\Ejercicio04\Project1\E04-317164251.cpp(235,32): warning C4244:         with
C:\Users\brand\OneDrive\Escritorio\CG\Practica4\Ejercicio04\Ejercicio04\Project1\E04-317164251.cpp(235,32): warning C4244:         [
C:\Users\brand\OneDrive\Escritorio\CG\Practica4\Ejercicio04\Ejercicio04\Project1\E04-317164251.cpp(235,32): warning C4244:             _Ty=GLfloat
C:\Users\brand\OneDrive\Escritorio\CG\Practica4\Ejercicio04\Ejercicio04\Project1\E04-317164251.cpp(235,32): warning C4244:         ]
C:\Users\brand\OneDrive\Escritorio\CG\Practica4\Ejercicio04\Ejercicio04\Project1\E04-317164251.cpp(326,15): warning C4244: 'inicializando': conversión de 'double' a 'GLfloat'; posible pérdida de datos
C:\Users\brand\OneDrive\Escritorio\CG\Practica4\Ejercicio04\Ejercicio04\Project1\E04-317164251.cpp(328,33): warning C4244: '+=': conversión de 'double' a 'GLfloat'; posible pérdida de datos
  Generando código
  319 of 607 functions (52.6%) were compiled, the rest were copied from previous compilation.
    10 functions were new in current compilation
    27 functions had inline decision re-evaluated but remain unchanged
  Generación de código finalizada
  Project1.vcxproj -> C:\Users\brand\OneDrive\Escritorio\CG\Practica4\Ejercicio04\Ejercicio04\Release\Project1.exe
