C:\Program Files\Microsoft Visual Studio\2022\Community\MSBuild\Microsoft\VC\v170\Microsoft.CppBuild.targets(531,5): warning MSB8028: El directorio intermedio (Debug\) contiene archivos compartidos de otro proyecto (Ejercicio07.vcxproj, Practica07.vcxproj). Esto puede dar lugar a un comportamiento incorrecto de limpieza y recompilación.
  E08-317164251.cpp
C:\Users\brand\OneDrive\Escritorio\CG\Ejercicio08\Ejercicio08\Ejercicio08\Window.h(12,36): warning C4244: 'return': conversión de 'GLint' a 'GLfloat'; posible pérdida de datos
C:\Users\brand\OneDrive\Escritorio\CG\Ejercicio08\Ejercicio08\Ejercicio08\Window.h(13,37): warning C4244: 'return': conversión de 'GLint' a 'GLfloat'; posible pérdida de datos
C:\Users\brand\OneDrive\Escritorio\CG\Ejercicio08\Ejercicio08\Ejercicio08\E08-317164251.cpp(252,29): warning C4305: 'inicializando': truncamiento de 'double' a 'GLfloat'
C:\Users\brand\OneDrive\Escritorio\CG\Ejercicio08\Ejercicio08\Ejercicio08\E08-317164251.cpp(252,45): warning C4305: 'inicializando': truncamiento de 'double' a 'GLfloat'
C:\Users\brand\OneDrive\Escritorio\CG\Ejercicio08\Ejercicio08\Ejercicio08\E08-317164251.cpp(253,27): warning C4305: 'inicializando': truncamiento de 'double' a 'GLfloat'
C:\Users\brand\OneDrive\Escritorio\CG\Ejercicio08\Ejercicio08\Ejercicio08\E08-317164251.cpp(253,42): warning C4305: 'inicializando': truncamiento de 'double' a 'GLfloat'
C:\Users\brand\OneDrive\Escritorio\CG\Ejercicio08\Ejercicio08\Ejercicio08\E08-317164251.cpp(254,26): warning C4305: 'inicializando': truncamiento de 'double' a 'GLfloat'
C:\Users\brand\OneDrive\Escritorio\CG\Ejercicio08\Ejercicio08\Ejercicio08\E08-317164251.cpp(254,42): warning C4305: 'inicializando': truncamiento de 'double' a 'GLfloat'
C:\Users\brand\OneDrive\Escritorio\CG\Ejercicio08\Ejercicio08\Ejercicio08\E08-317164251.cpp(255,26): warning C4305: 'inicializando': truncamiento de 'double' a 'GLfloat'
C:\Users\brand\OneDrive\Escritorio\CG\Ejercicio08\Ejercicio08\Ejercicio08\E08-317164251.cpp(255,42): warning C4305: 'inicializando': truncamiento de 'double' a 'GLfloat'
C:\Users\brand\OneDrive\Escritorio\CG\Ejercicio08\Ejercicio08\Ejercicio08\E08-317164251.cpp(258,29): warning C4305: 'inicializando': truncamiento de 'double' a 'GLfloat'
C:\Users\brand\OneDrive\Escritorio\CG\Ejercicio08\Ejercicio08\Ejercicio08\E08-317164251.cpp(258,45): warning C4305: 'inicializando': truncamiento de 'double' a 'GLfloat'
C:\Users\brand\OneDrive\Escritorio\CG\Ejercicio08\Ejercicio08\Ejercicio08\E08-317164251.cpp(259,26): warning C4305: 'inicializando': truncamiento de 'double' a 'GLfloat'
C:\Users\brand\OneDrive\Escritorio\CG\Ejercicio08\Ejercicio08\Ejercicio08\E08-317164251.cpp(259,42): warning C4305: 'inicializando': truncamiento de 'double' a 'GLfloat'
C:\Users\brand\OneDrive\Escritorio\CG\Ejercicio08\Ejercicio08\Ejercicio08\E08-317164251.cpp(260,26): warning C4305: 'inicializando': truncamiento de 'double' a 'GLfloat'
C:\Users\brand\OneDrive\Escritorio\CG\Ejercicio08\Ejercicio08\Ejercicio08\E08-317164251.cpp(260,42): warning C4305: 'inicializando': truncamiento de 'double' a 'GLfloat'
C:\Users\brand\OneDrive\Escritorio\CG\Ejercicio08\Ejercicio08\Ejercicio08\E08-317164251.cpp(261,27): warning C4305: 'inicializando': truncamiento de 'double' a 'GLfloat'
C:\Users\brand\OneDrive\Escritorio\CG\Ejercicio08\Ejercicio08\Ejercicio08\E08-317164251.cpp(261,43): warning C4305: 'inicializando': truncamiento de 'double' a 'GLfloat'
C:\Users\brand\OneDrive\Escritorio\CG\Ejercicio08\Ejercicio08\Ejercicio08\E08-317164251.cpp(264,29): warning C4305: 'inicializando': truncamiento de 'double' a 'GLfloat'
C:\Users\brand\OneDrive\Escritorio\CG\Ejercicio08\Ejercicio08\Ejercicio08\E08-317164251.cpp(264,45): warning C4305: 'inicializando': truncamiento de 'double' a 'GLfloat'
C:\Users\brand\OneDrive\Escritorio\CG\Ejercicio08\Ejercicio08\Ejercicio08\E08-317164251.cpp(265,28): warning C4305: 'inicializando': truncamiento de 'double' a 'GLfloat'
C:\Users\brand\OneDrive\Escritorio\CG\Ejercicio08\Ejercicio08\Ejercicio08\E08-317164251.cpp(265,44): warning C4305: 'inicializando': truncamiento de 'double' a 'GLfloat'
C:\Users\brand\OneDrive\Escritorio\CG\Ejercicio08\Ejercicio08\Ejercicio08\E08-317164251.cpp(266,26): warning C4305: 'inicializando': truncamiento de 'double' a 'GLfloat'
C:\Users\brand\OneDrive\Escritorio\CG\Ejercicio08\Ejercicio08\Ejercicio08\E08-317164251.cpp(266,42): warning C4305: 'inicializando': truncamiento de 'double' a 'GLfloat'
C:\Users\brand\OneDrive\Escritorio\CG\Ejercicio08\Ejercicio08\Ejercicio08\E08-317164251.cpp(267,26): warning C4305: 'inicializando': truncamiento de 'double' a 'GLfloat'
C:\Users\brand\OneDrive\Escritorio\CG\Ejercicio08\Ejercicio08\Ejercicio08\E08-317164251.cpp(267,42): warning C4305: 'inicializando': truncamiento de 'double' a 'GLfloat'
C:\Users\brand\OneDrive\Escritorio\CG\Ejercicio08\Ejercicio08\Ejercicio08\E08-317164251.cpp(270,30): warning C4305: 'inicializando': truncamiento de 'double' a 'GLfloat'
C:\Users\brand\OneDrive\Escritorio\CG\Ejercicio08\Ejercicio08\Ejercicio08\E08-317164251.cpp(270,38): warning C4305: 'inicializando': truncamiento de 'double' a 'GLfloat'
C:\Users\brand\OneDrive\Escritorio\CG\Ejercicio08\Ejercicio08\Ejercicio08\E08-317164251.cpp(270,60): warning C4305: 'inicializando': truncamiento de 'double' a 'GLfloat'
C:\Users\brand\OneDrive\Escritorio\CG\Ejercicio08\Ejercicio08\Ejercicio08\E08-317164251.cpp(270,66): warning C4305: 'inicializando': truncamiento de 'double' a 'GLfloat'
C:\Users\brand\OneDrive\Escritorio\CG\Ejercicio08\Ejercicio08\Ejercicio08\E08-317164251.cpp(270,72): warning C4305: 'inicializando': truncamiento de 'double' a 'GLfloat'
C:\Users\brand\OneDrive\Escritorio\CG\Ejercicio08\Ejercicio08\Ejercicio08\E08-317164251.cpp(271,28): warning C4305: 'inicializando': truncamiento de 'double' a 'GLfloat'
C:\Users\brand\OneDrive\Escritorio\CG\Ejercicio08\Ejercicio08\Ejercicio08\E08-317164251.cpp(271,43): warning C4305: 'inicializando': truncamiento de 'double' a 'GLfloat'
C:\Users\brand\OneDrive\Escritorio\CG\Ejercicio08\Ejercicio08\Ejercicio08\E08-317164251.cpp(271,61): warning C4305: 'inicializando': truncamiento de 'double' a 'GLfloat'
C:\Users\brand\OneDrive\Escritorio\CG\Ejercicio08\Ejercicio08\Ejercicio08\E08-317164251.cpp(271,67): warning C4305: 'inicializando': truncamiento de 'double' a 'GLfloat'
C:\Users\brand\OneDrive\Escritorio\CG\Ejercicio08\Ejercicio08\Ejercicio08\E08-317164251.cpp(271,73): warning C4305: 'inicializando': truncamiento de 'double' a 'GLfloat'
C:\Users\brand\OneDrive\Escritorio\CG\Ejercicio08\Ejercicio08\Ejercicio08\E08-317164251.cpp(272,26): warning C4305: 'inicializando': truncamiento de 'double' a 'GLfloat'
C:\Users\brand\OneDrive\Escritorio\CG\Ejercicio08\Ejercicio08\Ejercicio08\E08-317164251.cpp(272,41): warning C4305: 'inicializando': truncamiento de 'double' a 'GLfloat'
C:\Users\brand\OneDrive\Escritorio\CG\Ejercicio08\Ejercicio08\Ejercicio08\E08-317164251.cpp(272,58): warning C4305: 'inicializando': truncamiento de 'double' a 'GLfloat'
C:\Users\brand\OneDrive\Escritorio\CG\Ejercicio08\Ejercicio08\Ejercicio08\E08-317164251.cpp(272,64): warning C4305: 'inicializando': truncamiento de 'double' a 'GLfloat'
C:\Users\brand\OneDrive\Escritorio\CG\Ejercicio08\Ejercicio08\Ejercicio08\E08-317164251.cpp(272,70): warning C4305: 'inicializando': truncamiento de 'double' a 'GLfloat'
C:\Users\brand\OneDrive\Escritorio\CG\Ejercicio08\Ejercicio08\Ejercicio08\E08-317164251.cpp(273,28): warning C4305: 'inicializando': truncamiento de 'double' a 'GLfloat'
C:\Users\brand\OneDrive\Escritorio\CG\Ejercicio08\Ejercicio08\Ejercicio08\E08-317164251.cpp(273,44): warning C4305: 'inicializando': truncamiento de 'double' a 'GLfloat'
C:\Users\brand\OneDrive\Escritorio\CG\Ejercicio08\Ejercicio08\Ejercicio08\E08-317164251.cpp(273,61): warning C4305: 'inicializando': truncamiento de 'double' a 'GLfloat'
C:\Users\brand\OneDrive\Escritorio\CG\Ejercicio08\Ejercicio08\Ejercicio08\E08-317164251.cpp(273,67): warning C4305: 'inicializando': truncamiento de 'double' a 'GLfloat'
C:\Users\brand\OneDrive\Escritorio\CG\Ejercicio08\Ejercicio08\Ejercicio08\E08-317164251.cpp(273,73): warning C4305: 'inicializando': truncamiento de 'double' a 'GLfloat'
C:\Users\brand\OneDrive\Escritorio\CG\Ejercicio08\Ejercicio08\Ejercicio08\E08-317164251.cpp(276,26): warning C4305: 'inicializando': truncamiento de 'double' a 'GLfloat'
C:\Users\brand\OneDrive\Escritorio\CG\Ejercicio08\Ejercicio08\Ejercicio08\E08-317164251.cpp(276,42): warning C4305: 'inicializando': truncamiento de 'double' a 'GLfloat'
C:\Users\brand\OneDrive\Escritorio\CG\Ejercicio08\Ejercicio08\Ejercicio08\E08-317164251.cpp(277,29): warning C4305: 'inicializando': truncamiento de 'double' a 'GLfloat'
C:\Users\brand\OneDrive\Escritorio\CG\Ejercicio08\Ejercicio08\Ejercicio08\E08-317164251.cpp(277,44): warning C4305: 'inicializando': truncamiento de 'double' a 'GLfloat'
C:\Users\brand\OneDrive\Escritorio\CG\Ejercicio08\Ejercicio08\Ejercicio08\E08-317164251.cpp(278,26): warning C4305: 'inicializando': truncamiento de 'double' a 'GLfloat'
C:\Users\brand\OneDrive\Escritorio\CG\Ejercicio08\Ejercicio08\Ejercicio08\E08-317164251.cpp(278,42): warning C4305: 'inicializando': truncamiento de 'double' a 'GLfloat'
C:\Users\brand\OneDrive\Escritorio\CG\Ejercicio08\Ejercicio08\Ejercicio08\E08-317164251.cpp(279,26): warning C4305: 'inicializando': truncamiento de 'double' a 'GLfloat'
C:\Users\brand\OneDrive\Escritorio\CG\Ejercicio08\Ejercicio08\Ejercicio08\E08-317164251.cpp(279,42): warning C4305: 'inicializando': truncamiento de 'double' a 'GLfloat'
C:\Users\brand\OneDrive\Escritorio\CG\Ejercicio08\Ejercicio08\Ejercicio08\E08-317164251.cpp(282,27): warning C4305: 'inicializando': truncamiento de 'double' a 'GLfloat'
C:\Users\brand\OneDrive\Escritorio\CG\Ejercicio08\Ejercicio08\Ejercicio08\E08-317164251.cpp(282,43): warning C4305: 'inicializando': truncamiento de 'double' a 'GLfloat'
C:\Users\brand\OneDrive\Escritorio\CG\Ejercicio08\Ejercicio08\Ejercicio08\E08-317164251.cpp(283,29): warning C4305: 'inicializando': truncamiento de 'double' a 'GLfloat'
C:\Users\brand\OneDrive\Escritorio\CG\Ejercicio08\Ejercicio08\Ejercicio08\E08-317164251.cpp(283,45): warning C4305: 'inicializando': truncamiento de 'double' a 'GLfloat'
C:\Users\brand\OneDrive\Escritorio\CG\Ejercicio08\Ejercicio08\Ejercicio08\E08-317164251.cpp(284,26): warning C4305: 'inicializando': truncamiento de 'double' a 'GLfloat'
C:\Users\brand\OneDrive\Escritorio\CG\Ejercicio08\Ejercicio08\Ejercicio08\E08-317164251.cpp(284,42): warning C4305: 'inicializando': truncamiento de 'double' a 'GLfloat'
C:\Users\brand\OneDrive\Escritorio\CG\Ejercicio08\Ejercicio08\Ejercicio08\E08-317164251.cpp(285,29): warning C4305: 'inicializando': truncamiento de 'double' a 'GLfloat'
C:\Users\brand\OneDrive\Escritorio\CG\Ejercicio08\Ejercicio08\Ejercicio08\E08-317164251.cpp(285,45): warning C4305: 'inicializando': truncamiento de 'double' a 'GLfloat'
C:\Users\brand\OneDrive\Escritorio\CG\Ejercicio08\Ejercicio08\Ejercicio08\E08-317164251.cpp(288,30): warning C4305: 'inicializando': truncamiento de 'double' a 'GLfloat'
C:\Users\brand\OneDrive\Escritorio\CG\Ejercicio08\Ejercicio08\Ejercicio08\E08-317164251.cpp(289,29): warning C4305: 'inicializando': truncamiento de 'double' a 'GLfloat'
C:\Users\brand\OneDrive\Escritorio\CG\Ejercicio08\Ejercicio08\Ejercicio08\E08-317164251.cpp(289,45): warning C4305: 'inicializando': truncamiento de 'double' a 'GLfloat'
C:\Users\brand\OneDrive\Escritorio\CG\Ejercicio08\Ejercicio08\Ejercicio08\E08-317164251.cpp(290,26): warning C4305: 'inicializando': truncamiento de 'double' a 'GLfloat'
C:\Users\brand\OneDrive\Escritorio\CG\Ejercicio08\Ejercicio08\Ejercicio08\E08-317164251.cpp(290,42): warning C4305: 'inicializando': truncamiento de 'double' a 'GLfloat'
C:\Users\brand\OneDrive\Escritorio\CG\Ejercicio08\Ejercicio08\Ejercicio08\E08-317164251.cpp(291,29): warning C4305: 'inicializando': truncamiento de 'double' a 'GLfloat'
C:\Users\brand\OneDrive\Escritorio\CG\Ejercicio08\Ejercicio08\Ejercicio08\E08-317164251.cpp(291,45): warning C4305: 'inicializando': truncamiento de 'double' a 'GLfloat'
C:\Users\brand\OneDrive\Escritorio\CG\Ejercicio08\Ejercicio08\Ejercicio08\E08-317164251.cpp(294,28): warning C4305: 'inicializando': truncamiento de 'double' a 'GLfloat'
C:\Users\brand\OneDrive\Escritorio\CG\Ejercicio08\Ejercicio08\Ejercicio08\E08-317164251.cpp(294,44): warning C4305: 'inicializando': truncamiento de 'double' a 'GLfloat'
C:\Users\brand\OneDrive\Escritorio\CG\Ejercicio08\Ejercicio08\Ejercicio08\E08-317164251.cpp(295,29): warning C4305: 'inicializando': truncamiento de 'double' a 'GLfloat'
C:\Users\brand\OneDrive\Escritorio\CG\Ejercicio08\Ejercicio08\Ejercicio08\E08-317164251.cpp(295,45): warning C4305: 'inicializando': truncamiento de 'double' a 'GLfloat'
C:\Users\brand\OneDrive\Escritorio\CG\Ejercicio08\Ejercicio08\Ejercicio08\E08-317164251.cpp(296,26): warning C4305: 'inicializando': truncamiento de 'double' a 'GLfloat'
C:\Users\brand\OneDrive\Escritorio\CG\Ejercicio08\Ejercicio08\Ejercicio08\E08-317164251.cpp(296,42): warning C4305: 'inicializando': truncamiento de 'double' a 'GLfloat'
C:\Users\brand\OneDrive\Escritorio\CG\Ejercicio08\Ejercicio08\Ejercicio08\E08-317164251.cpp(297,29): warning C4305: 'inicializando': truncamiento de 'double' a 'GLfloat'
C:\Users\brand\OneDrive\Escritorio\CG\Ejercicio08\Ejercicio08\Ejercicio08\E08-317164251.cpp(297,45): warning C4305: 'inicializando': truncamiento de 'double' a 'GLfloat'
C:\Users\brand\OneDrive\Escritorio\CG\Ejercicio08\Ejercicio08\Ejercicio08\E08-317164251.cpp(300,28): warning C4305: 'inicializando': truncamiento de 'double' a 'GLfloat'
C:\Users\brand\OneDrive\Escritorio\CG\Ejercicio08\Ejercicio08\Ejercicio08\E08-317164251.cpp(300,44): warning C4305: 'inicializando': truncamiento de 'double' a 'GLfloat'
C:\Users\brand\OneDrive\Escritorio\CG\Ejercicio08\Ejercicio08\Ejercicio08\E08-317164251.cpp(301,26): warning C4305: 'inicializando': truncamiento de 'double' a 'GLfloat'
C:\Users\brand\OneDrive\Escritorio\CG\Ejercicio08\Ejercicio08\Ejercicio08\E08-317164251.cpp(301,31): warning C4305: 'inicializando': truncamiento de 'double' a 'GLfloat'
C:\Users\brand\OneDrive\Escritorio\CG\Ejercicio08\Ejercicio08\Ejercicio08\E08-317164251.cpp(302,26): warning C4305: 'inicializando': truncamiento de 'double' a 'GLfloat'
C:\Users\brand\OneDrive\Escritorio\CG\Ejercicio08\Ejercicio08\Ejercicio08\E08-317164251.cpp(302,42): warning C4305: 'inicializando': truncamiento de 'double' a 'GLfloat'
C:\Users\brand\OneDrive\Escritorio\CG\Ejercicio08\Ejercicio08\Ejercicio08\E08-317164251.cpp(303,29): warning C4305: 'inicializando': truncamiento de 'double' a 'GLfloat'
C:\Users\brand\OneDrive\Escritorio\CG\Ejercicio08\Ejercicio08\Ejercicio08\E08-317164251.cpp(303,45): warning C4305: 'inicializando': truncamiento de 'double' a 'GLfloat'
C:\Users\brand\OneDrive\Escritorio\CG\Ejercicio08\Ejercicio08\Ejercicio08\E08-317164251.cpp(462,15): warning C4244: 'inicializando': conversión de 'double' a 'GLfloat'; posible pérdida de datos
C:\Users\brand\OneDrive\Escritorio\CG\Ejercicio08\Ejercicio08\Ejercicio08\E08-317164251.cpp(464,33): warning C4244: '+=': conversión de 'double' a 'GLfloat'; posible pérdida de datos
LINK : warning LNK4098: la biblioteca predeterminada'MSVCRT' entra en conflicto con otras bibliotecas; use la biblioteca /NODEFAULTLIB:biblioteca
  Ejercicio08.vcxproj -> C:\Users\brand\OneDrive\Escritorio\CG\Ejercicio08\Ejercicio08\Debug\Ejercicio08.exe
