  Camera.cpp
  Mesh.cpp
  P04-317164251.cpp
C:\Users\brand\OneDrive\Escritorio\CG\Practica4\Practica04\Project1\Window.h(12,36): warning C4244: 'return': conversión de 'GLint' a 'GLfloat'; posible pérdida de datos
C:\Users\brand\OneDrive\Escritorio\CG\Practica4\Practica04\Project1\Window.h(13,37): warning C4244: 'return': conversión de 'GLint' a 'GLfloat'; posible pérdida de datos
C:\Users\brand\OneDrive\Escritorio\CG\Practica4\Practica04\Project1\P04-317164251.cpp(28,36): warning C4305: 'inicializando': truncamiento de 'double' a 'float'
C:\Users\brand\OneDrive\Escritorio\CG\Practica4\Practica04\Project1\P04-317164251.cpp(191,16): warning C4018: '<': no coinciden signed/unsigned
C:\Users\brand\OneDrive\Escritorio\CG\Practica4\Practica04\Project1\P04-317164251.cpp(233,32): warning C4244: 'argumento': conversión de 'double' a '_Ty'; posible pérdida de datos
C:\Users\brand\OneDrive\Escritorio\CG\Practica4\Practica04\Project1\P04-317164251.cpp(233,32): warning C4244:         with
C:\Users\brand\OneDrive\Escritorio\CG\Practica4\Practica04\Project1\P04-317164251.cpp(233,32): warning C4244:         [
C:\Users\brand\OneDrive\Escritorio\CG\Practica4\Practica04\Project1\P04-317164251.cpp(233,32): warning C4244:             _Ty=GLfloat
C:\Users\brand\OneDrive\Escritorio\CG\Practica4\Practica04\Project1\P04-317164251.cpp(233,32): warning C4244:         ]
C:\Users\brand\OneDrive\Escritorio\CG\Practica4\Practica04\Project1\P04-317164251.cpp(235,32): warning C4244: 'argumento': conversión de 'double' a '_Ty'; posible pérdida de datos
C:\Users\brand\OneDrive\Escritorio\CG\Practica4\Practica04\Project1\P04-317164251.cpp(235,32): warning C4244:         with
C:\Users\brand\OneDrive\Escritorio\CG\Practica4\Practica04\Project1\P04-317164251.cpp(235,32): warning C4244:         [
C:\Users\brand\OneDrive\Escritorio\CG\Practica4\Practica04\Project1\P04-317164251.cpp(235,32): warning C4244:             _Ty=GLfloat
C:\Users\brand\OneDrive\Escritorio\CG\Practica4\Practica04\Project1\P04-317164251.cpp(235,32): warning C4244:         ]
C:\Users\brand\OneDrive\Escritorio\CG\Practica4\Practica04\Project1\P04-317164251.cpp(328,15): warning C4244: 'inicializando': conversión de 'double' a 'GLfloat'; posible pérdida de datos
C:\Users\brand\OneDrive\Escritorio\CG\Practica4\Practica04\Project1\P04-317164251.cpp(330,33): warning C4244: '+=': conversión de 'double' a 'GLfloat'; posible pérdida de datos
  Shader.cpp
  Sphere.cpp
C:\Users\brand\OneDrive\Escritorio\CG\Practica4\Practica04\Project1\Sphere.cpp(39,13): warning C4244: 'inicializando': conversión de 'double' a 'float'; posible pérdida de datos
C:\Users\brand\OneDrive\Escritorio\CG\Practica4\Practica04\Project1\Sphere.cpp(43,16): warning C4244: 'inicializando': conversión de 'double' a 'float'; posible pérdida de datos
  Window.cpp
C:\Users\brand\OneDrive\Escritorio\CG\Practica4\Practica04\Project1\Window.h(12,36): warning C4244: 'return': conversión de 'GLint' a 'GLfloat'; posible pérdida de datos
C:\Users\brand\OneDrive\Escritorio\CG\Practica4\Practica04\Project1\Window.h(13,37): warning C4244: 'return': conversión de 'GLint' a 'GLfloat'; posible pérdida de datos
C:\Users\brand\OneDrive\Escritorio\CG\Practica4\Practica04\Project1\Window.cpp(196,22): warning C4244: '=': conversión de 'double' a 'GLfloat'; posible pérdida de datos
C:\Users\brand\OneDrive\Escritorio\CG\Practica4\Practica04\Project1\Window.cpp(197,22): warning C4244: '=': conversión de 'double' a 'GLfloat'; posible pérdida de datos
C:\Users\brand\OneDrive\Escritorio\CG\Practica4\Practica04\Project1\Window.cpp(201,28): warning C4244: '=': conversión de 'double' a 'GLfloat'; posible pérdida de datos
C:\Users\brand\OneDrive\Escritorio\CG\Practica4\Practica04\Project1\Window.cpp(202,40): warning C4244: '=': conversión de 'double' a 'GLfloat'; posible pérdida de datos
C:\Users\brand\OneDrive\Escritorio\CG\Practica4\Practica04\Project1\Window.cpp(204,21): warning C4244: '=': conversión de 'double' a 'GLfloat'; posible pérdida de datos
C:\Users\brand\OneDrive\Escritorio\CG\Practica4\Practica04\Project1\Window.cpp(205,21): warning C4244: '=': conversión de 'double' a 'GLfloat'; posible pérdida de datos
  Generando código
C:\Users\brand\OneDrive\Escritorio\CG\Practica4\Practica04\Project1\Window.cpp(87): warning C4715: 'Window::Initialise': no todas las rutas de acceso de control devuelven un valor
  598 of 613 functions (97.6%) were compiled, the rest were copied from previous compilation.
    15 functions were new in current compilation
    2 functions had inline decision re-evaluated but remain unchanged
  Generación de código finalizada
  Project1.vcxproj -> C:\Users\brand\OneDrive\Escritorio\CG\Practica4\Practica04\Release\Project1.exe
